mode: set
github.com/nmarsollier/cartgo/internal/cart/repository.go:22.86,27.2 1 0
github.com/nmarsollier/cartgo/internal/cart/repository.go:36.55,45.2 1 0
github.com/nmarsollier/cartgo/internal/cart/repository.go:57.69,64.81 3 0
github.com/nmarsollier/cartgo/internal/cart/repository.go:64.81,66.3 1 0
github.com/nmarsollier/cartgo/internal/cart/repository.go:68.2,68.18 1 0
github.com/nmarsollier/cartgo/internal/cart/repository.go:72.65,74.16 2 0
github.com/nmarsollier/cartgo/internal/cart/repository.go:74.16,77.3 2 0
github.com/nmarsollier/cartgo/internal/cart/repository.go:79.2,82.80 3 0
github.com/nmarsollier/cartgo/internal/cart/repository.go:82.80,85.3 2 0
github.com/nmarsollier/cartgo/internal/cart/repository.go:87.2,87.18 1 0
github.com/nmarsollier/cartgo/internal/cart/repository.go:90.60,91.46 1 0
github.com/nmarsollier/cartgo/internal/cart/repository.go:91.46,94.3 2 0
github.com/nmarsollier/cartgo/internal/cart/repository.go:96.2,96.78 1 0
github.com/nmarsollier/cartgo/internal/cart/repository.go:96.78,99.3 2 0
github.com/nmarsollier/cartgo/internal/cart/repository.go:101.2,101.18 1 0
github.com/nmarsollier/cartgo/internal/cart/repository.go:104.61,105.46 1 0
github.com/nmarsollier/cartgo/internal/cart/repository.go:105.46,108.3 2 0
github.com/nmarsollier/cartgo/internal/cart/repository.go:110.2,111.16 2 0
github.com/nmarsollier/cartgo/internal/cart/repository.go:111.16,114.3 2 0
github.com/nmarsollier/cartgo/internal/cart/repository.go:116.2,116.18 1 0
github.com/nmarsollier/cartgo/internal/cart/repository.go:119.64,120.46 1 0
github.com/nmarsollier/cartgo/internal/cart/repository.go:120.46,123.3 2 0
github.com/nmarsollier/cartgo/internal/cart/repository.go:125.2,137.18 3 0
github.com/nmarsollier/cartgo/internal/cart/schema.go:22.39,24.2 1 0
github.com/nmarsollier/cartgo/internal/cart/service.go:15.81,20.2 1 0
github.com/nmarsollier/cartgo/internal/cart/service.go:27.85,29.16 2 0
github.com/nmarsollier/cartgo/internal/cart/service.go:29.16,31.3 1 0
github.com/nmarsollier/cartgo/internal/cart/service.go:33.2,34.34 2 0
github.com/nmarsollier/cartgo/internal/cart/service.go:34.34,35.31 1 0
github.com/nmarsollier/cartgo/internal/cart/service.go:35.31,37.4 1 0
github.com/nmarsollier/cartgo/internal/cart/service.go:39.2,42.16 3 0
github.com/nmarsollier/cartgo/internal/cart/service.go:42.16,44.3 1 0
github.com/nmarsollier/cartgo/internal/cart/service.go:46.2,46.18 1 0
github.com/nmarsollier/cartgo/internal/cart/service.go:55.72,57.16 2 0
github.com/nmarsollier/cartgo/internal/cart/service.go:57.16,59.3 1 0
github.com/nmarsollier/cartgo/internal/cart/service.go:61.2,63.16 3 0
github.com/nmarsollier/cartgo/internal/cart/service.go:63.16,65.3 1 0
github.com/nmarsollier/cartgo/internal/cart/service.go:67.2,67.12 1 0
github.com/nmarsollier/cartgo/internal/cart/service.go:70.72,72.16 2 0
github.com/nmarsollier/cartgo/internal/cart/service.go:72.16,74.3 1 0
github.com/nmarsollier/cartgo/internal/cart/service.go:76.2,76.18 1 0
github.com/nmarsollier/cartgo/internal/cart/service.go:79.66,81.16 2 0
github.com/nmarsollier/cartgo/internal/cart/service.go:81.16,82.53 1 0
github.com/nmarsollier/cartgo/internal/cart/service.go:82.53,84.4 1 0
github.com/nmarsollier/cartgo/internal/cart/service.go:87.2,87.18 1 0
github.com/nmarsollier/cartgo/internal/cart/service.go:90.65,92.16 2 0
github.com/nmarsollier/cartgo/internal/cart/service.go:92.16,93.53 1 0
github.com/nmarsollier/cartgo/internal/cart/service.go:93.53,96.4 1 0
github.com/nmarsollier/cartgo/internal/cart/service.go:98.3,100.17 3 0
github.com/nmarsollier/cartgo/internal/cart/service.go:100.17,102.4 1 0
github.com/nmarsollier/cartgo/internal/cart/service.go:105.2,105.18 1 0
github.com/nmarsollier/cartgo/internal/cart/service.go:114.71,116.16 2 0
github.com/nmarsollier/cartgo/internal/cart/service.go:116.16,118.3 1 0
github.com/nmarsollier/cartgo/internal/cart/service.go:120.2,120.34 1 0
github.com/nmarsollier/cartgo/internal/cart/service.go:120.34,121.36 1 0
github.com/nmarsollier/cartgo/internal/cart/service.go:121.36,124.4 2 0
github.com/nmarsollier/cartgo/internal/cart/service.go:127.2,128.16 2 0
github.com/nmarsollier/cartgo/internal/cart/service.go:128.16,130.3 1 0
github.com/nmarsollier/cartgo/internal/cart/service.go:132.2,132.12 1 0
github.com/nmarsollier/cartgo/internal/cart/service.go:135.96,137.16 2 0
github.com/nmarsollier/cartgo/internal/cart/service.go:137.16,139.3 1 0
github.com/nmarsollier/cartgo/internal/cart/service.go:141.2,149.34 3 0
github.com/nmarsollier/cartgo/internal/cart/service.go:149.34,150.39 1 0
github.com/nmarsollier/cartgo/internal/cart/service.go:150.39,153.4 2 0
github.com/nmarsollier/cartgo/internal/cart/service.go:157.2,157.12 1 0
github.com/nmarsollier/cartgo/internal/cart/service.go:157.12,159.3 1 0
github.com/nmarsollier/cartgo/internal/cart/service.go:161.2,162.34 2 0
github.com/nmarsollier/cartgo/internal/cart/service.go:162.34,163.21 1 0
github.com/nmarsollier/cartgo/internal/cart/service.go:163.21,165.4 1 0
github.com/nmarsollier/cartgo/internal/cart/service.go:167.2,170.16 3 0
github.com/nmarsollier/cartgo/internal/cart/service.go:170.16,172.3 1 0
github.com/nmarsollier/cartgo/internal/cart/service.go:174.2,174.18 1 0
