mode: set
github.com/nmarsollier/cartgo/rest/server/auth.go:24.45,26.16 2 0
github.com/nmarsollier/cartgo/rest/server/auth.go:26.16,30.3 3 0
github.com/nmarsollier/cartgo/rest/server/auth.go:32.2,33.77 2 0
github.com/nmarsollier/cartgo/rest/server/auth.go:37.50,39.65 2 0
github.com/nmarsollier/cartgo/rest/server/auth.go:39.65,41.3 1 0
github.com/nmarsollier/cartgo/rest/server/auth.go:42.2,42.29 1 0
github.com/nmarsollier/cartgo/rest/server/auth.go:45.60,47.16 2 0
github.com/nmarsollier/cartgo/rest/server/auth.go:47.16,49.3 1 0
github.com/nmarsollier/cartgo/rest/server/auth.go:51.2,53.16 3 0
github.com/nmarsollier/cartgo/rest/server/auth.go:53.16,55.3 1 0
github.com/nmarsollier/cartgo/rest/server/auth.go:57.2,60.18 3 0
github.com/nmarsollier/cartgo/rest/server/engine.go:16.46,17.19 1 0
github.com/nmarsollier/cartgo/rest/server/engine.go:17.19,37.3 6 0
github.com/nmarsollier/cartgo/rest/server/engine.go:39.2,39.15 1 0
github.com/nmarsollier/cartgo/rest/server/engine.go:44.44,47.41 2 0
github.com/nmarsollier/cartgo/rest/server/engine.go:47.41,49.3 1 0
github.com/nmarsollier/cartgo/rest/server/engine.go:51.2,53.13 2 0
github.com/nmarsollier/cartgo/rest/server/error.go:12.35,16.2 2 0
github.com/nmarsollier/cartgo/rest/server/error.go:18.48,21.2 2 0
github.com/nmarsollier/cartgo/rest/server/error.go:23.42,25.20 2 0
github.com/nmarsollier/cartgo/rest/server/error.go:25.20,27.3 1 0
github.com/nmarsollier/cartgo/rest/server/error.go:29.2,30.16 2 0
github.com/nmarsollier/cartgo/rest/server/error.go:30.16,32.3 1 0
github.com/nmarsollier/cartgo/rest/server/error.go:34.2,34.21 1 0
github.com/nmarsollier/cartgo/rest/server/error.go:38.51,40.29 1 0
github.com/nmarsollier/cartgo/rest/server/error.go:41.22,43.25 1 0
github.com/nmarsollier/cartgo/rest/server/error.go:44.23,46.19 1 0
github.com/nmarsollier/cartgo/rest/server/error.go:47.34,49.34 1 0
github.com/nmarsollier/cartgo/rest/server/error.go:50.13,54.5 1 0
github.com/nmarsollier/cartgo/rest/server/error.go:55.10,57.33 1 0
github.com/nmarsollier/cartgo/rest/server/error.go:76.89,79.37 2 0
github.com/nmarsollier/cartgo/rest/server/error.go:79.37,81.3 1 0
github.com/nmarsollier/cartgo/rest/server/error.go:83.2,83.18 1 0
github.com/nmarsollier/cartgo/rest/server/error.go:96.55,98.2 1 0
github.com/nmarsollier/cartgo/rest/server/logger.go:9.72,15.2 1 0
github.com/nmarsollier/cartgo/rest/server/logger.go:17.63,18.30 1 0
github.com/nmarsollier/cartgo/rest/server/logger.go:18.30,24.36 4 0
github.com/nmarsollier/cartgo/rest/server/logger.go:24.36,27.4 2 0
github.com/nmarsollier/cartgo/rest/server/logger.go:31.48,33.12 2 0
github.com/nmarsollier/cartgo/rest/server/logger.go:33.12,35.3 1 0
github.com/nmarsollier/cartgo/rest/server/logger.go:36.2,36.33 1 0
github.com/nmarsollier/cartgo/rest/server/logger.go:39.46,42.21 2 0
github.com/nmarsollier/cartgo/rest/server/logger.go:42.21,44.3 1 0
github.com/nmarsollier/cartgo/rest/server/logger.go:46.2,46.14 1 0
github.com/nmarsollier/cartgo/rest/server/test_utils.go:17.50,20.19 3 0
github.com/nmarsollier/cartgo/rest/server/test_utils.go:20.19,21.35 1 0
github.com/nmarsollier/cartgo/rest/server/test_utils.go:21.35,24.4 2 0
github.com/nmarsollier/cartgo/rest/server/test_utils.go:26.2,26.15 1 0
github.com/nmarsollier/cartgo/rest/server/test_utils.go:31.97,33.26 2 0
github.com/nmarsollier/cartgo/rest/server/test_utils.go:33.26,35.3 1 0
github.com/nmarsollier/cartgo/rest/server/test_utils.go:36.2,37.15 2 0
github.com/nmarsollier/cartgo/rest/server/test_utils.go:40.100,42.26 2 0
github.com/nmarsollier/cartgo/rest/server/test_utils.go:42.26,44.3 1 0
github.com/nmarsollier/cartgo/rest/server/test_utils.go:45.2,46.15 2 0
github.com/nmarsollier/cartgo/rest/server/test_utils.go:49.116,53.26 3 0
github.com/nmarsollier/cartgo/rest/server/test_utils.go:53.26,55.3 1 0
github.com/nmarsollier/cartgo/rest/server/test_utils.go:56.2,57.15 2 0
github.com/nmarsollier/cartgo/rest/server/test_utils.go:61.69,68.2 4 0
github.com/nmarsollier/cartgo/rest/server/test_utils.go:70.73,76.2 4 0
github.com/nmarsollier/cartgo/rest/server/test_utils.go:78.76,80.2 1 0
github.com/nmarsollier/cartgo/rest/server/test_utils.go:82.72,84.2 1 0
