mode: set
github.com/nmarsollier/cartgo/internal/rabbit/listeners.go:13.27,16.12 2 0
github.com/nmarsollier/cartgo/internal/rabbit/listeners.go:16.12,17.7 1 0
github.com/nmarsollier/cartgo/internal/rabbit/listeners.go:17.7,29.18 2 0
github.com/nmarsollier/cartgo/internal/rabbit/listeners.go:29.18,31.5 1 0
github.com/nmarsollier/cartgo/internal/rabbit/listeners.go:32.4,33.31 2 0
github.com/nmarsollier/cartgo/internal/rabbit/listeners.go:37.2,37.12 1 0
github.com/nmarsollier/cartgo/internal/rabbit/listeners.go:37.12,38.7 1 0
github.com/nmarsollier/cartgo/internal/rabbit/listeners.go:38.7,50.18 2 0
github.com/nmarsollier/cartgo/internal/rabbit/listeners.go:50.18,52.5 1 0
github.com/nmarsollier/cartgo/internal/rabbit/listeners.go:53.4,54.31 2 0
github.com/nmarsollier/cartgo/internal/rabbit/listeners.go:58.2,58.12 1 0
github.com/nmarsollier/cartgo/internal/rabbit/listeners.go:58.12,59.7 1 0
github.com/nmarsollier/cartgo/internal/rabbit/listeners.go:59.7,70.18 2 0
github.com/nmarsollier/cartgo/internal/rabbit/listeners.go:70.18,72.5 1 0
github.com/nmarsollier/cartgo/internal/rabbit/listeners.go:73.4,74.31 2 0
github.com/nmarsollier/cartgo/internal/rabbit/listeners.go:89.103,95.16 4 0
github.com/nmarsollier/cartgo/internal/rabbit/listeners.go:95.16,98.3 2 0
github.com/nmarsollier/cartgo/internal/rabbit/listeners.go:110.82,114.2 2 0
github.com/nmarsollier/cartgo/internal/rabbit/listeners.go:125.103,131.16 4 0
github.com/nmarsollier/cartgo/internal/rabbit/listeners.go:131.16,134.3 2 0
