mode: set
github.com/nmarsollier/cartgo/cart/add_article_service.go:3.100,5.16 2 0
github.com/nmarsollier/cartgo/cart/add_article_service.go:5.16,7.3 1 0
github.com/nmarsollier/cartgo/cart/add_article_service.go:9.2,17.34 3 0
github.com/nmarsollier/cartgo/cart/add_article_service.go:17.34,18.39 1 0
github.com/nmarsollier/cartgo/cart/add_article_service.go:18.39,21.4 2 0
github.com/nmarsollier/cartgo/cart/add_article_service.go:25.2,25.12 1 0
github.com/nmarsollier/cartgo/cart/add_article_service.go:25.12,27.3 1 0
github.com/nmarsollier/cartgo/cart/add_article_service.go:29.2,30.34 2 0
github.com/nmarsollier/cartgo/cart/add_article_service.go:30.34,31.21 1 0
github.com/nmarsollier/cartgo/cart/add_article_service.go:31.21,33.4 1 0
github.com/nmarsollier/cartgo/cart/add_article_service.go:35.2,38.16 3 0
github.com/nmarsollier/cartgo/cart/add_article_service.go:38.16,40.3 1 0
github.com/nmarsollier/cartgo/cart/add_article_service.go:42.2,42.18 1 0
github.com/nmarsollier/cartgo/cart/article_data_service.go:9.75,11.16 2 0
github.com/nmarsollier/cartgo/cart/article_data_service.go:11.16,13.3 1 0
github.com/nmarsollier/cartgo/cart/article_data_service.go:15.2,15.34 1 0
github.com/nmarsollier/cartgo/cart/article_data_service.go:15.34,16.36 1 0
github.com/nmarsollier/cartgo/cart/article_data_service.go:16.36,19.4 2 0
github.com/nmarsollier/cartgo/cart/article_data_service.go:22.2,23.16 2 0
github.com/nmarsollier/cartgo/cart/article_data_service.go:23.16,25.3 1 0
github.com/nmarsollier/cartgo/cart/article_data_service.go:27.2,27.12 1 0
github.com/nmarsollier/cartgo/cart/current_cart_service.go:7.69,9.26 2 0
github.com/nmarsollier/cartgo/cart/current_cart_service.go:9.26,12.17 3 0
github.com/nmarsollier/cartgo/cart/current_cart_service.go:12.17,14.4 1 0
github.com/nmarsollier/cartgo/cart/current_cart_service.go:17.2,17.16 1 0
github.com/nmarsollier/cartgo/cart/current_cart_service.go:17.16,19.3 1 0
github.com/nmarsollier/cartgo/cart/current_cart_service.go:21.2,21.18 1 0
github.com/nmarsollier/cartgo/cart/find_cart_service.go:3.70,5.16 2 0
github.com/nmarsollier/cartgo/cart/find_cart_service.go:5.16,6.53 1 0
github.com/nmarsollier/cartgo/cart/find_cart_service.go:6.53,8.4 1 0
github.com/nmarsollier/cartgo/cart/find_cart_service.go:11.2,11.18 1 0
github.com/nmarsollier/cartgo/cart/invalidate_service.go:3.73,5.2 1 0
github.com/nmarsollier/cartgo/cart/order_placed_service.go:9.76,11.16 2 0
github.com/nmarsollier/cartgo/cart/order_placed_service.go:11.16,13.3 1 0
github.com/nmarsollier/cartgo/cart/order_placed_service.go:15.2,17.16 3 0
github.com/nmarsollier/cartgo/cart/order_placed_service.go:17.16,19.3 1 0
github.com/nmarsollier/cartgo/cart/order_placed_service.go:21.2,21.12 1 0
github.com/nmarsollier/cartgo/cart/remove_article_service.go:3.89,5.16 2 0
github.com/nmarsollier/cartgo/cart/remove_article_service.go:5.16,7.3 1 0
github.com/nmarsollier/cartgo/cart/remove_article_service.go:9.2,10.34 2 0
github.com/nmarsollier/cartgo/cart/remove_article_service.go:10.34,11.31 1 0
github.com/nmarsollier/cartgo/cart/remove_article_service.go:11.31,13.4 1 0
github.com/nmarsollier/cartgo/cart/remove_article_service.go:15.2,18.16 3 0
github.com/nmarsollier/cartgo/cart/remove_article_service.go:18.16,20.3 1 0
github.com/nmarsollier/cartgo/cart/remove_article_service.go:22.2,22.18 1 0
github.com/nmarsollier/cartgo/cart/repository.go:18.35,27.2 1 0
github.com/nmarsollier/cartgo/cart/repository.go:30.70,41.35 2 0
github.com/nmarsollier/cartgo/cart/repository.go:41.35,43.3 1 0
github.com/nmarsollier/cartgo/cart/repository.go:45.2,45.16 1 0
github.com/nmarsollier/cartgo/cart/repository.go:45.16,48.3 2 0
github.com/nmarsollier/cartgo/cart/repository.go:50.2,50.18 1 0
github.com/nmarsollier/cartgo/cart/repository.go:53.66,64.16 2 0
github.com/nmarsollier/cartgo/cart/repository.go:64.16,67.3 2 0
github.com/nmarsollier/cartgo/cart/repository.go:69.2,69.18 1 0
github.com/nmarsollier/cartgo/cart/repository.go:72.56,73.45 1 0
github.com/nmarsollier/cartgo/cart/repository.go:73.45,76.3 2 0
github.com/nmarsollier/cartgo/cart/repository.go:78.2,79.16 2 0
github.com/nmarsollier/cartgo/cart/repository.go:79.16,82.3 2 0
github.com/nmarsollier/cartgo/cart/repository.go:84.2,96.16 4 0
github.com/nmarsollier/cartgo/cart/repository.go:96.16,99.3 2 0
github.com/nmarsollier/cartgo/cart/repository.go:101.2,101.12 1 0
github.com/nmarsollier/cartgo/cart/repository.go:104.62,105.45 1 0
github.com/nmarsollier/cartgo/cart/repository.go:105.45,108.3 2 0
github.com/nmarsollier/cartgo/cart/repository.go:110.2,111.16 2 0
github.com/nmarsollier/cartgo/cart/repository.go:111.16,114.3 2 0
github.com/nmarsollier/cartgo/cart/repository.go:116.2,123.16 3 0
github.com/nmarsollier/cartgo/cart/repository.go:123.16,126.3 2 0
github.com/nmarsollier/cartgo/cart/repository.go:128.2,128.12 1 0
github.com/nmarsollier/cartgo/cart/schema.go:21.39,23.2 1 0
github.com/nmarsollier/cartgo/cart/test_tools.go:10.23,32.2 1 0
