mode: set
github.com/nmarsollier/cartgo/internal/engine/di/injector.go:55.48,59.2 1 0
github.com/nmarsollier/cartgo/internal/engine/di/injector.go:61.41,63.2 1 0
github.com/nmarsollier/cartgo/internal/engine/di/injector.go:65.43,66.27 1 0
github.com/nmarsollier/cartgo/internal/engine/di/injector.go:66.27,68.3 1 0
github.com/nmarsollier/cartgo/internal/engine/di/injector.go:70.2,70.21 1 0
github.com/nmarsollier/cartgo/internal/engine/di/injector.go:70.21,72.3 1 0
github.com/nmarsollier/cartgo/internal/engine/di/injector.go:74.2,75.16 2 0
github.com/nmarsollier/cartgo/internal/engine/di/injector.go:75.16,78.3 2 0
github.com/nmarsollier/cartgo/internal/engine/di/injector.go:80.2,80.17 1 0
github.com/nmarsollier/cartgo/internal/engine/di/injector.go:83.46,84.29 1 0
github.com/nmarsollier/cartgo/internal/engine/di/injector.go:84.29,86.3 1 0
github.com/nmarsollier/cartgo/internal/engine/di/injector.go:88.2,88.23 1 0
github.com/nmarsollier/cartgo/internal/engine/di/injector.go:88.23,90.3 1 0
github.com/nmarsollier/cartgo/internal/engine/di/injector.go:92.2,93.19 2 0
github.com/nmarsollier/cartgo/internal/engine/di/injector.go:96.65,97.26 1 0
github.com/nmarsollier/cartgo/internal/engine/di/injector.go:97.26,99.3 1 0
github.com/nmarsollier/cartgo/internal/engine/di/injector.go:100.2,101.22 2 0
github.com/nmarsollier/cartgo/internal/engine/di/injector.go:104.59,105.25 1 0
github.com/nmarsollier/cartgo/internal/engine/di/injector.go:105.25,107.3 1 0
github.com/nmarsollier/cartgo/internal/engine/di/injector.go:108.2,109.21 2 0
github.com/nmarsollier/cartgo/internal/engine/di/injector.go:112.47,113.27 1 0
github.com/nmarsollier/cartgo/internal/engine/di/injector.go:113.27,115.3 1 0
github.com/nmarsollier/cartgo/internal/engine/di/injector.go:117.2,117.27 1 0
github.com/nmarsollier/cartgo/internal/engine/di/injector.go:117.27,119.3 1 0
github.com/nmarsollier/cartgo/internal/engine/di/injector.go:121.2,122.16 2 0
github.com/nmarsollier/cartgo/internal/engine/di/injector.go:122.16,125.3 2 0
github.com/nmarsollier/cartgo/internal/engine/di/injector.go:126.2,126.23 1 0
github.com/nmarsollier/cartgo/internal/engine/di/injector.go:129.53,130.27 1 0
github.com/nmarsollier/cartgo/internal/engine/di/injector.go:130.27,132.3 1 0
github.com/nmarsollier/cartgo/internal/engine/di/injector.go:133.2,134.23 2 0
github.com/nmarsollier/cartgo/internal/engine/di/injector.go:137.47,138.26 1 0
github.com/nmarsollier/cartgo/internal/engine/di/injector.go:138.26,140.3 1 0
github.com/nmarsollier/cartgo/internal/engine/di/injector.go:141.2,142.22 2 0
github.com/nmarsollier/cartgo/internal/engine/di/injector.go:145.68,146.28 1 0
github.com/nmarsollier/cartgo/internal/engine/di/injector.go:146.28,148.3 1 0
github.com/nmarsollier/cartgo/internal/engine/di/injector.go:149.2,150.24 2 0
github.com/nmarsollier/cartgo/internal/engine/di/injector.go:153.56,154.29 1 0
github.com/nmarsollier/cartgo/internal/engine/di/injector.go:154.29,156.3 1 0
github.com/nmarsollier/cartgo/internal/engine/di/injector.go:157.2,158.25 2 0
github.com/nmarsollier/cartgo/internal/engine/di/injector.go:161.65,162.28 1 0
github.com/nmarsollier/cartgo/internal/engine/di/injector.go:162.28,164.3 1 0
github.com/nmarsollier/cartgo/internal/engine/di/injector.go:165.2,166.24 2 0
github.com/nmarsollier/cartgo/internal/engine/di/injector.go:169.51,170.26 1 0
github.com/nmarsollier/cartgo/internal/engine/di/injector.go:170.26,172.3 1 0
github.com/nmarsollier/cartgo/internal/engine/di/injector.go:174.2,175.16 2 0
github.com/nmarsollier/cartgo/internal/engine/di/injector.go:175.16,178.3 2 0
github.com/nmarsollier/cartgo/internal/engine/di/injector.go:180.2,181.22 2 0
github.com/nmarsollier/cartgo/internal/engine/di/injector.go:184.49,185.25 1 0
github.com/nmarsollier/cartgo/internal/engine/di/injector.go:185.25,187.3 1 0
github.com/nmarsollier/cartgo/internal/engine/di/injector.go:188.2,189.21 2 0
github.com/nmarsollier/cartgo/internal/engine/di/injector.go:192.43,193.26 1 0
github.com/nmarsollier/cartgo/internal/engine/di/injector.go:193.26,195.3 1 0
github.com/nmarsollier/cartgo/internal/engine/di/injector.go:196.2,197.22 2 0
