mode: set
github.com/nmarsollier/cartgo/service/AddArticle.go:8.101,10.16 2 0
github.com/nmarsollier/cartgo/service/AddArticle.go:10.16,12.3 1 0
github.com/nmarsollier/cartgo/service/AddArticle.go:14.2,14.34 1 0
github.com/nmarsollier/cartgo/service/AddArticle.go:14.34,15.19 1 0
github.com/nmarsollier/cartgo/service/AddArticle.go:15.19,20.4 1 0
github.com/nmarsollier/cartgo/service/AddArticle.go:23.2,23.18 1 0
github.com/nmarsollier/cartgo/service/Checkout.go:9.84,11.16 2 0
github.com/nmarsollier/cartgo/service/Checkout.go:11.16,13.3 1 0
github.com/nmarsollier/cartgo/service/Checkout.go:15.2,16.16 2 0
github.com/nmarsollier/cartgo/service/Checkout.go:16.16,18.3 1 0
github.com/nmarsollier/cartgo/service/Checkout.go:20.2,21.16 2 0
github.com/nmarsollier/cartgo/service/Checkout.go:21.16,23.3 1 0
github.com/nmarsollier/cartgo/service/Checkout.go:25.2,27.25 2 0
github.com/nmarsollier/cartgo/service/Checkout.go:30.80,31.34 1 0
github.com/nmarsollier/cartgo/service/Checkout.go:31.34,33.17 2 0
github.com/nmarsollier/cartgo/service/Checkout.go:33.17,36.4 2 0
github.com/nmarsollier/cartgo/service/Checkout.go:39.2,39.12 1 0
github.com/nmarsollier/cartgo/service/CurrentCart.go:8.76,10.16 2 0
github.com/nmarsollier/cartgo/service/CurrentCart.go:10.16,12.3 1 0
github.com/nmarsollier/cartgo/service/CurrentCart.go:14.2,14.34 1 0
github.com/nmarsollier/cartgo/service/CurrentCart.go:14.34,15.19 1 0
github.com/nmarsollier/cartgo/service/CurrentCart.go:15.19,20.4 1 0
github.com/nmarsollier/cartgo/service/CurrentCart.go:23.2,23.18 1 0
github.com/nmarsollier/cartgo/service/dao.go:13.82,16.16 2 0
github.com/nmarsollier/cartgo/service/dao.go:16.16,19.3 2 0
github.com/nmarsollier/cartgo/service/dao.go:20.2,22.42 3 0
github.com/nmarsollier/cartgo/service/dao.go:22.42,25.3 2 0
github.com/nmarsollier/cartgo/service/dao.go:26.2,28.12 2 0
