mode: set
github.com/nmarsollier/cartgo/services/add_article_service.go:8.105,10.16 2 0
github.com/nmarsollier/cartgo/services/add_article_service.go:10.16,12.3 1 0
github.com/nmarsollier/cartgo/services/add_article_service.go:14.2,14.34 1 0
github.com/nmarsollier/cartgo/services/add_article_service.go:14.34,15.19 1 0
github.com/nmarsollier/cartgo/services/add_article_service.go:15.19,22.4 1 0
github.com/nmarsollier/cartgo/services/add_article_service.go:25.2,25.18 1 0
github.com/nmarsollier/cartgo/services/checkout_service.go:15.85,17.16 2 0
github.com/nmarsollier/cartgo/services/checkout_service.go:17.16,19.3 1 0
github.com/nmarsollier/cartgo/services/checkout_service.go:21.2,22.16 2 0
github.com/nmarsollier/cartgo/services/checkout_service.go:22.16,24.3 1 0
github.com/nmarsollier/cartgo/services/checkout_service.go:26.2,27.16 2 0
github.com/nmarsollier/cartgo/services/checkout_service.go:27.16,29.3 1 0
github.com/nmarsollier/cartgo/services/checkout_service.go:31.2,33.25 2 0
github.com/nmarsollier/cartgo/services/checkout_service.go:36.83,39.86 2 0
github.com/nmarsollier/cartgo/services/checkout_service.go:39.86,41.3 1 0
github.com/nmarsollier/cartgo/services/checkout_service.go:43.2,43.16 1 0
github.com/nmarsollier/cartgo/services/checkout_service.go:43.16,46.3 2 0
github.com/nmarsollier/cartgo/services/checkout_service.go:47.2,49.42 3 0
github.com/nmarsollier/cartgo/services/checkout_service.go:49.42,52.3 2 0
github.com/nmarsollier/cartgo/services/checkout_service.go:53.2,55.12 2 0
github.com/nmarsollier/cartgo/services/current_cart_service.go:8.77,10.16 2 0
github.com/nmarsollier/cartgo/services/current_cart_service.go:10.16,12.3 1 0
github.com/nmarsollier/cartgo/services/current_cart_service.go:14.2,14.34 1 0
github.com/nmarsollier/cartgo/services/current_cart_service.go:14.34,15.19 1 0
github.com/nmarsollier/cartgo/services/current_cart_service.go:15.19,23.4 1 0
github.com/nmarsollier/cartgo/services/current_cart_service.go:26.2,26.18 1 0
github.com/nmarsollier/cartgo/services/find_cart_service.go:7.75,9.16 2 0
github.com/nmarsollier/cartgo/services/find_cart_service.go:9.16,10.53 1 0
github.com/nmarsollier/cartgo/services/find_cart_service.go:10.53,12.4 1 0
github.com/nmarsollier/cartgo/services/find_cart_service.go:15.2,15.18 1 0
github.com/nmarsollier/cartgo/services/validate_checkout_service.go:8.81,9.34 1 0
github.com/nmarsollier/cartgo/services/validate_checkout_service.go:9.34,11.17 2 0
github.com/nmarsollier/cartgo/services/validate_checkout_service.go:11.17,14.4 2 0
github.com/nmarsollier/cartgo/services/validate_checkout_service.go:17.2,17.12 1 0
