mode: set
github.com/nmarsollier/cartgo/security/invalidate_service.go:8.52,9.21 1 1
github.com/nmarsollier/cartgo/security/invalidate_service.go:9.21,12.3 2 0
github.com/nmarsollier/cartgo/security/invalidate_service.go:14.2,15.52 2 1
github.com/nmarsollier/cartgo/security/repository.go:18.71,21.16 2 1
github.com/nmarsollier/cartgo/security/repository.go:21.16,24.3 2 0
github.com/nmarsollier/cartgo/security/repository.go:25.2,26.86 2 1
github.com/nmarsollier/cartgo/security/repository.go:26.86,28.3 1 1
github.com/nmarsollier/cartgo/security/repository.go:30.2,31.42 2 1
github.com/nmarsollier/cartgo/security/repository.go:31.42,34.3 2 1
github.com/nmarsollier/cartgo/security/repository.go:35.2,39.16 4 1
github.com/nmarsollier/cartgo/security/repository.go:39.16,42.3 2 1
github.com/nmarsollier/cartgo/security/repository.go:44.2,45.46 2 1
github.com/nmarsollier/cartgo/security/repository.go:45.46,48.3 2 0
github.com/nmarsollier/cartgo/security/repository.go:49.2,49.18 1 1
github.com/nmarsollier/cartgo/security/test_utils.go:15.23,22.2 1 1
github.com/nmarsollier/cartgo/security/test_utils.go:25.62,31.2 2 1
github.com/nmarsollier/cartgo/security/test_utils.go:33.57,39.2 2 1
github.com/nmarsollier/cartgo/security/validate_service.go:10.65,12.39 1 1
github.com/nmarsollier/cartgo/security/validate_service.go:12.39,13.36 1 0
github.com/nmarsollier/cartgo/security/validate_service.go:13.36,15.4 1 0
github.com/nmarsollier/cartgo/security/validate_service.go:18.2,19.16 2 1
github.com/nmarsollier/cartgo/security/validate_service.go:19.16,22.3 2 1
github.com/nmarsollier/cartgo/security/validate_service.go:25.2,27.18 2 1
github.com/nmarsollier/cartgo/tools/env/env.go:23.27,35.2 1 1
github.com/nmarsollier/cartgo/tools/env/env.go:38.27,39.19 1 1
github.com/nmarsollier/cartgo/tools/env/env.go:39.19,41.3 1 1
github.com/nmarsollier/cartgo/tools/env/env.go:43.2,43.15 1 1
github.com/nmarsollier/cartgo/tools/env/env.go:47.28,50.54 2 1
github.com/nmarsollier/cartgo/tools/env/env.go:50.54,52.3 1 0
github.com/nmarsollier/cartgo/tools/env/env.go:54.2,54.61 1 1
github.com/nmarsollier/cartgo/tools/env/env.go:54.61,56.3 1 1
github.com/nmarsollier/cartgo/tools/env/env.go:58.2,58.65 1 1
github.com/nmarsollier/cartgo/tools/env/env.go:58.65,60.3 1 1
github.com/nmarsollier/cartgo/tools/env/env.go:62.2,62.54 1 1
github.com/nmarsollier/cartgo/tools/env/env.go:62.54,64.3 1 1
github.com/nmarsollier/cartgo/tools/env/env.go:66.2,66.48 1 1
github.com/nmarsollier/cartgo/tools/env/env.go:66.48,67.53 1 0
github.com/nmarsollier/cartgo/tools/env/env.go:67.53,69.4 1 0
github.com/nmarsollier/cartgo/tools/env/env.go:72.2,72.52 1 1
github.com/nmarsollier/cartgo/tools/env/env.go:72.52,73.53 1 0
github.com/nmarsollier/cartgo/tools/env/env.go:73.53,75.4 1 0
github.com/nmarsollier/cartgo/tools/env/env.go:78.2,78.60 1 1
github.com/nmarsollier/cartgo/tools/env/env.go:78.60,80.3 1 0
github.com/nmarsollier/cartgo/tools/env/env.go:82.2,82.54 1 1
github.com/nmarsollier/cartgo/tools/env/env.go:82.54,84.3 1 0
github.com/nmarsollier/cartgo/tools/env/env.go:86.2,86.63 1 1
github.com/nmarsollier/cartgo/tools/env/env.go:86.63,88.3 1 0
github.com/nmarsollier/cartgo/tools/env/env.go:90.2,90.15 1 1
github.com/nmarsollier/cartgo/tools/errs/rest_error.go:19.57,24.2 1 1
github.com/nmarsollier/cartgo/tools/errs/rest_error.go:40.36,42.2 1 0
github.com/nmarsollier/cartgo/tools/errs/rest_error.go:45.34,47.2 1 0
github.com/nmarsollier/cartgo/tools/errs/validation.go:14.33,18.2 1 0
github.com/nmarsollier/cartgo/tools/errs/validation.go:24.40,26.16 2 0
github.com/nmarsollier/cartgo/tools/errs/validation.go:26.16,28.3 1 0
github.com/nmarsollier/cartgo/tools/errs/validation.go:29.2,29.21 1 0
github.com/nmarsollier/cartgo/tools/errs/validation.go:33.69,40.2 3 0
github.com/nmarsollier/cartgo/tools/httpx/client.go:9.42,10.25 1 1
github.com/nmarsollier/cartgo/tools/httpx/client.go:10.25,11.39 1 1
github.com/nmarsollier/cartgo/tools/httpx/client.go:11.39,13.4 1 1
github.com/nmarsollier/cartgo/tools/httpx/client.go:16.2,16.27 1 0
github.com/nmarsollier/cartgo/tools/httpx/client_mocks.go:26.65,30.2 3 1
github.com/nmarsollier/cartgo/tools/httpx/client_mocks.go:33.63,35.2 1 1
github.com/nmarsollier/cartgo/tools/httpx/client_mocks.go:38.72,44.2 5 1
github.com/nmarsollier/cartgo/tools/httpx/client_mocks.go:47.72,50.2 2 1
github.com/nmarsollier/cartgo/tools/log/logger.go:24.43,25.25 1 1
github.com/nmarsollier/cartgo/tools/log/logger.go:25.25,26.36 1 1
github.com/nmarsollier/cartgo/tools/log/logger.go:26.36,28.4 1 1
github.com/nmarsollier/cartgo/tools/log/logger.go:30.2,35.35 5 0
github.com/nmarsollier/cartgo/tools/log/logger.go:43.67,45.16 2 0
github.com/nmarsollier/cartgo/tools/log/logger.go:45.16,47.3 1 0
github.com/nmarsollier/cartgo/tools/log/logger.go:48.2,48.12 1 0
github.com/nmarsollier/cartgo/tools/log/logger.go:51.59,53.2 1 0
github.com/nmarsollier/cartgo/tools/log/logger.go:55.49,58.2 2 0
github.com/nmarsollier/cartgo/tools/log/logger.go:60.45,62.16 2 0
github.com/nmarsollier/cartgo/tools/log/logger.go:62.16,73.3 3 0
github.com/nmarsollier/cartgo/tools/log/logrus_logger.go:16.49,18.2 1 0
github.com/nmarsollier/cartgo/tools/log/logrus_logger.go:20.75,24.2 1 0
github.com/nmarsollier/cartgo/tools/log/logrus_logger.go:26.48,28.2 1 0
github.com/nmarsollier/cartgo/tools/log/logrus_logger.go:30.43,32.2 1 0
github.com/nmarsollier/cartgo/tools/log/logrus_logger_mocks.go:26.67,30.2 3 1
github.com/nmarsollier/cartgo/tools/log/logrus_logger_mocks.go:33.65,35.2 1 1
github.com/nmarsollier/cartgo/tools/log/logrus_logger_mocks.go:38.48,43.2 4 1
github.com/nmarsollier/cartgo/tools/log/logrus_logger_mocks.go:46.60,49.2 2 1
github.com/nmarsollier/cartgo/tools/log/logrus_logger_mocks.go:52.54,55.25 3 1
github.com/nmarsollier/cartgo/tools/log/logrus_logger_mocks.go:55.25,57.3 1 1
github.com/nmarsollier/cartgo/tools/log/logrus_logger_mocks.go:58.2,58.37 1 1
github.com/nmarsollier/cartgo/tools/log/logrus_logger_mocks.go:62.80,65.2 2 1
github.com/nmarsollier/cartgo/tools/log/logrus_logger_mocks.go:68.53,71.25 3 1
github.com/nmarsollier/cartgo/tools/log/logrus_logger_mocks.go:71.25,73.3 1 1
github.com/nmarsollier/cartgo/tools/log/logrus_logger_mocks.go:74.2,74.36 1 1
github.com/nmarsollier/cartgo/tools/log/logrus_logger_mocks.go:78.79,81.2 2 1
github.com/nmarsollier/cartgo/tools/log/logrus_logger_mocks.go:84.80,89.2 4 0
github.com/nmarsollier/cartgo/tools/log/logrus_logger_mocks.go:92.87,95.2 2 1
github.com/nmarsollier/cartgo/tools/log/test_tools.go:8.123,19.2 6 1
github.com/nmarsollier/cartgo/tools/strs/json_tools.go:5.37,8.2 2 1
