mode: set
github.com/nmarsollier/cartgo/cart/dao.go:15.67,16.24 1 1
github.com/nmarsollier/cartgo/cart/dao.go:16.24,17.45 1 1
github.com/nmarsollier/cartgo/cart/dao.go:17.45,19.4 1 1
github.com/nmarsollier/cartgo/cart/dao.go:22.2,22.23 1 0
github.com/nmarsollier/cartgo/cart/dao.go:22.23,24.3 1 0
github.com/nmarsollier/cartgo/cart/dao.go:26.2,27.16 2 0
github.com/nmarsollier/cartgo/cart/dao.go:27.16,30.3 2 0
github.com/nmarsollier/cartgo/cart/dao.go:32.2,35.24 3 0
github.com/nmarsollier/cartgo/cart/dao.go:38.35,47.2 1 1
github.com/nmarsollier/cartgo/cart/dao.go:59.69,61.16 2 1
github.com/nmarsollier/cartgo/cart/dao.go:61.16,64.3 2 0
github.com/nmarsollier/cartgo/cart/dao.go:66.2,72.78 3 1
github.com/nmarsollier/cartgo/cart/dao.go:72.78,74.3 1 1
github.com/nmarsollier/cartgo/cart/dao.go:76.2,76.18 1 1
github.com/nmarsollier/cartgo/cart/dao.go:80.65,82.16 2 0
github.com/nmarsollier/cartgo/cart/dao.go:82.16,85.3 2 0
github.com/nmarsollier/cartgo/cart/dao.go:87.2,88.16 2 0
github.com/nmarsollier/cartgo/cart/dao.go:88.16,91.3 2 0
github.com/nmarsollier/cartgo/cart/dao.go:93.2,96.78 3 0
github.com/nmarsollier/cartgo/cart/dao.go:96.78,99.3 2 0
github.com/nmarsollier/cartgo/cart/dao.go:101.2,101.18 1 0
github.com/nmarsollier/cartgo/cart/dao.go:104.60,105.46 1 1
github.com/nmarsollier/cartgo/cart/dao.go:105.46,108.3 2 0
github.com/nmarsollier/cartgo/cart/dao.go:110.2,111.16 2 1
github.com/nmarsollier/cartgo/cart/dao.go:111.16,114.3 2 0
github.com/nmarsollier/cartgo/cart/dao.go:116.2,116.76 1 1
github.com/nmarsollier/cartgo/cart/dao.go:116.76,119.3 2 1
github.com/nmarsollier/cartgo/cart/dao.go:121.2,121.18 1 1
github.com/nmarsollier/cartgo/cart/dao.go:124.61,125.46 1 1
github.com/nmarsollier/cartgo/cart/dao.go:125.46,128.3 2 0
github.com/nmarsollier/cartgo/cart/dao.go:130.2,131.16 2 1
github.com/nmarsollier/cartgo/cart/dao.go:131.16,134.3 2 0
github.com/nmarsollier/cartgo/cart/dao.go:136.2,137.16 2 1
github.com/nmarsollier/cartgo/cart/dao.go:137.16,140.3 2 1
github.com/nmarsollier/cartgo/cart/dao.go:142.2,142.18 1 1
github.com/nmarsollier/cartgo/cart/dao.go:145.64,146.46 1 1
github.com/nmarsollier/cartgo/cart/dao.go:146.46,149.3 2 0
github.com/nmarsollier/cartgo/cart/dao.go:151.2,152.16 2 1
github.com/nmarsollier/cartgo/cart/dao.go:152.16,155.3 2 0
github.com/nmarsollier/cartgo/cart/dao.go:157.2,168.18 3 1
github.com/nmarsollier/cartgo/cart/schema.go:22.39,24.2 1 1
github.com/nmarsollier/cartgo/cart/service.go:3.68,5.16 2 1
github.com/nmarsollier/cartgo/cart/service.go:5.16,6.53 1 1
github.com/nmarsollier/cartgo/cart/service.go:6.53,9.4 1 1
github.com/nmarsollier/cartgo/cart/service.go:11.3,13.17 3 1
github.com/nmarsollier/cartgo/cart/service.go:13.17,15.4 1 1
github.com/nmarsollier/cartgo/cart/service.go:18.2,18.18 1 1
github.com/nmarsollier/cartgo/cart/service.go:26.95,28.16 2 1
github.com/nmarsollier/cartgo/cart/service.go:28.16,30.3 1 1
github.com/nmarsollier/cartgo/cart/service.go:32.2,40.34 3 1
github.com/nmarsollier/cartgo/cart/service.go:40.34,41.39 1 1
github.com/nmarsollier/cartgo/cart/service.go:41.39,44.4 2 1
github.com/nmarsollier/cartgo/cart/service.go:48.2,48.12 1 1
github.com/nmarsollier/cartgo/cart/service.go:48.12,50.3 1 1
github.com/nmarsollier/cartgo/cart/service.go:52.2,53.34 2 1
github.com/nmarsollier/cartgo/cart/service.go:53.34,54.21 1 1
github.com/nmarsollier/cartgo/cart/service.go:54.21,56.4 1 1
github.com/nmarsollier/cartgo/cart/service.go:58.2,61.16 3 1
github.com/nmarsollier/cartgo/cart/service.go:61.16,63.3 1 1
github.com/nmarsollier/cartgo/cart/service.go:65.2,65.18 1 1
github.com/nmarsollier/cartgo/cart/service.go:68.88,70.16 2 1
github.com/nmarsollier/cartgo/cart/service.go:70.16,72.3 1 1
github.com/nmarsollier/cartgo/cart/service.go:74.2,75.34 2 1
github.com/nmarsollier/cartgo/cart/service.go:75.34,76.31 1 1
github.com/nmarsollier/cartgo/cart/service.go:76.31,78.4 1 1
github.com/nmarsollier/cartgo/cart/service.go:80.2,83.16 3 1
github.com/nmarsollier/cartgo/cart/service.go:83.16,85.3 1 1
github.com/nmarsollier/cartgo/cart/service.go:87.2,87.18 1 1
github.com/nmarsollier/cartgo/cart/service.go:90.75,92.16 2 1
github.com/nmarsollier/cartgo/cart/service.go:92.16,94.3 1 0
github.com/nmarsollier/cartgo/cart/service.go:96.2,96.18 1 1
github.com/nmarsollier/cartgo/cart/service.go:105.74,107.16 2 0
github.com/nmarsollier/cartgo/cart/service.go:107.16,109.3 1 0
github.com/nmarsollier/cartgo/cart/service.go:111.2,111.34 1 0
github.com/nmarsollier/cartgo/cart/service.go:111.34,112.36 1 0
github.com/nmarsollier/cartgo/cart/service.go:112.36,115.4 2 0
github.com/nmarsollier/cartgo/cart/service.go:118.2,119.16 2 0
github.com/nmarsollier/cartgo/cart/service.go:119.16,121.3 1 0
github.com/nmarsollier/cartgo/cart/service.go:123.2,123.12 1 0
github.com/nmarsollier/cartgo/cart/service.go:132.75,134.16 2 0
github.com/nmarsollier/cartgo/cart/service.go:134.16,136.3 1 0
github.com/nmarsollier/cartgo/cart/service.go:138.2,140.16 3 0
github.com/nmarsollier/cartgo/cart/service.go:140.16,142.3 1 0
github.com/nmarsollier/cartgo/cart/service.go:144.2,144.12 1 0
github.com/nmarsollier/cartgo/cart/test_tools.go:10.23,32.2 1 1
github.com/nmarsollier/cartgo/docs/docs.go:866.13,868.2 1 1
github.com/nmarsollier/cartgo/rabbit/emit/common.go:14.60,15.24 1 1
github.com/nmarsollier/cartgo/rabbit/emit/common.go:15.24,16.38 1 1
github.com/nmarsollier/cartgo/rabbit/emit/common.go:16.38,18.4 1 1
github.com/nmarsollier/cartgo/rabbit/emit/common.go:21.2,22.16 2 1
github.com/nmarsollier/cartgo/rabbit/emit/common.go:22.16,25.3 2 1
github.com/nmarsollier/cartgo/rabbit/emit/common.go:27.2,28.16 2 0
github.com/nmarsollier/cartgo/rabbit/emit/common.go:28.16,31.3 2 0
github.com/nmarsollier/cartgo/rabbit/emit/common.go:33.2,33.40 1 0
github.com/nmarsollier/cartgo/rabbit/emit/rabbit_channel.go:17.9,27.2 1 0
github.com/nmarsollier/cartgo/rabbit/emit/rabbit_channel.go:32.9,41.2 1 0
github.com/nmarsollier/cartgo/rabbit/emit/rabbit_channel_mocks.go:25.71,29.2 3 1
github.com/nmarsollier/cartgo/rabbit/emit/rabbit_channel_mocks.go:32.69,34.2 1 1
github.com/nmarsollier/cartgo/rabbit/emit/rabbit_channel_mocks.go:37.72,42.2 4 1
github.com/nmarsollier/cartgo/rabbit/emit/rabbit_channel_mocks.go:45.97,48.2 2 1
github.com/nmarsollier/cartgo/rabbit/emit/rabbit_channel_mocks.go:51.85,56.2 4 1
github.com/nmarsollier/cartgo/rabbit/emit/rabbit_channel_mocks.go:59.103,62.2 2 1
github.com/nmarsollier/cartgo/rabbit/emit/send_article_validation.go:18.82,28.16 3 1
github.com/nmarsollier/cartgo/rabbit/emit/send_article_validation.go:28.16,32.3 3 1
github.com/nmarsollier/cartgo/rabbit/emit/send_article_validation.go:34.2,38.16 2 0
github.com/nmarsollier/cartgo/rabbit/emit/send_article_validation.go:38.16,42.3 3 0
github.com/nmarsollier/cartgo/rabbit/emit/send_article_validation.go:44.2,45.16 2 0
github.com/nmarsollier/cartgo/rabbit/emit/send_article_validation.go:45.16,48.3 2 0
github.com/nmarsollier/cartgo/rabbit/emit/send_article_validation.go:50.2,55.16 2 0
github.com/nmarsollier/cartgo/rabbit/emit/send_article_validation.go:55.16,59.3 3 0
github.com/nmarsollier/cartgo/rabbit/emit/send_article_validation.go:61.2,63.12 2 0
github.com/nmarsollier/cartgo/rabbit/emit/send_place_order.go:19.64,21.34 2 1
github.com/nmarsollier/cartgo/rabbit/emit/send_place_order.go:21.34,26.3 1 1
github.com/nmarsollier/cartgo/rabbit/emit/send_place_order.go:28.2,42.16 4 1
github.com/nmarsollier/cartgo/rabbit/emit/send_place_order.go:42.16,46.3 3 0
github.com/nmarsollier/cartgo/rabbit/emit/send_place_order.go:48.2,52.16 2 1
github.com/nmarsollier/cartgo/rabbit/emit/send_place_order.go:52.16,56.3 3 0
github.com/nmarsollier/cartgo/rabbit/emit/send_place_order.go:58.2,59.16 2 1
github.com/nmarsollier/cartgo/rabbit/emit/send_place_order.go:59.16,62.3 2 0
github.com/nmarsollier/cartgo/rabbit/emit/send_place_order.go:64.2,69.16 2 1
github.com/nmarsollier/cartgo/rabbit/emit/send_place_order.go:69.16,73.3 3 0
github.com/nmarsollier/cartgo/rabbit/emit/send_place_order.go:75.2,76.12 2 1
github.com/nmarsollier/cartgo/rabbit/emit/test_tools.go:7.82,11.2 3 1
github.com/nmarsollier/cartgo/rest/delete_cart_article_id.go:25.23,31.2 1 1
github.com/nmarsollier/cartgo/rest/delete_cart_article_id.go:33.36,39.16 5 1
github.com/nmarsollier/cartgo/rest/delete_cart_article_id.go:39.16,42.3 2 1
github.com/nmarsollier/cartgo/rest/delete_cart_article_id.go:44.2,44.17 1 1
github.com/nmarsollier/cartgo/rest/get_cart.go:24.20,30.2 1 1
github.com/nmarsollier/cartgo/rest/get_cart.go:32.34,38.16 4 1
github.com/nmarsollier/cartgo/rest/get_cart.go:38.16,41.3 2 1
github.com/nmarsollier/cartgo/rest/get_cart.go:43.2,43.19 1 1
github.com/nmarsollier/cartgo/rest/get_cart_validate.go:25.28,31.2 1 1
github.com/nmarsollier/cartgo/rest/get_cart_validate.go:33.31,39.16 5 1
github.com/nmarsollier/cartgo/rest/get_cart_validate.go:39.16,42.3 2 1
github.com/nmarsollier/cartgo/rest/get_cart_validate.go:44.2,45.16 2 1
github.com/nmarsollier/cartgo/rest/get_cart_validate.go:45.16,48.3 2 1
github.com/nmarsollier/cartgo/rest/get_cart_validate.go:50.2,50.17 1 1
github.com/nmarsollier/cartgo/rest/post_cart_article.go:27.28,33.2 1 1
github.com/nmarsollier/cartgo/rest/post_cart_article.go:35.33,38.48 3 1
github.com/nmarsollier/cartgo/rest/post_cart_article.go:38.48,41.3 2 0
github.com/nmarsollier/cartgo/rest/post_cart_article.go:43.2,45.16 3 1
github.com/nmarsollier/cartgo/rest/post_cart_article.go:45.16,48.3 2 1
github.com/nmarsollier/cartgo/rest/post_cart_article.go:50.2,50.17 1 1
github.com/nmarsollier/cartgo/rest/post_cart_article_id_decrement.go:26.37,32.2 1 1
github.com/nmarsollier/cartgo/rest/post_cart_article_id_decrement.go:34.39,45.16 6 1
github.com/nmarsollier/cartgo/rest/post_cart_article_id_decrement.go:45.16,48.3 2 1
github.com/nmarsollier/cartgo/rest/post_cart_article_id_decrement.go:50.2,50.17 1 1
github.com/nmarsollier/cartgo/rest/post_cart_article_id_increment.go:26.37,32.2 1 1
github.com/nmarsollier/cartgo/rest/post_cart_article_id_increment.go:34.39,46.16 6 1
github.com/nmarsollier/cartgo/rest/post_cart_article_id_increment.go:46.16,49.3 2 1
github.com/nmarsollier/cartgo/rest/post_cart_article_id_increment.go:51.2,51.17 1 1
github.com/nmarsollier/cartgo/rest/post_cart_checkout.go:25.29,31.2 1 1
github.com/nmarsollier/cartgo/rest/post_cart_checkout.go:33.31,39.16 5 1
github.com/nmarsollier/cartgo/rest/post_cart_checkout.go:39.16,42.3 2 0
github.com/nmarsollier/cartgo/rest/post_cart_checkout.go:44.2,44.17 1 1
github.com/nmarsollier/cartgo/rest/router.go:11.14,14.2 2 0
github.com/nmarsollier/cartgo/rest/router.go:16.19,24.2 7 1
github.com/nmarsollier/cartgo/rest/server/auth_validator.go:24.45,25.41 1 1
github.com/nmarsollier/cartgo/rest/server/auth_validator.go:25.41,29.3 3 1
github.com/nmarsollier/cartgo/rest/server/auth_validator.go:33.50,35.48 2 1
github.com/nmarsollier/cartgo/rest/server/auth_validator.go:35.48,37.3 1 0
github.com/nmarsollier/cartgo/rest/server/auth_validator.go:38.2,38.29 1 1
github.com/nmarsollier/cartgo/rest/server/auth_validator.go:41.42,43.16 2 1
github.com/nmarsollier/cartgo/rest/server/auth_validator.go:43.16,46.3 2 0
github.com/nmarsollier/cartgo/rest/server/auth_validator.go:48.2,50.16 3 1
github.com/nmarsollier/cartgo/rest/server/auth_validator.go:50.16,53.3 2 1
github.com/nmarsollier/cartgo/rest/server/auth_validator.go:55.2,58.12 3 1
github.com/nmarsollier/cartgo/rest/server/engine.go:16.27,17.19 1 1
github.com/nmarsollier/cartgo/rest/server/engine.go:17.19,36.3 5 1
github.com/nmarsollier/cartgo/rest/server/engine.go:38.2,38.15 1 1
github.com/nmarsollier/cartgo/rest/server/error_handler.go:12.35,16.2 2 1
github.com/nmarsollier/cartgo/rest/server/error_handler.go:18.48,21.2 2 1
github.com/nmarsollier/cartgo/rest/server/error_handler.go:23.42,25.20 2 1
github.com/nmarsollier/cartgo/rest/server/error_handler.go:25.20,27.3 1 1
github.com/nmarsollier/cartgo/rest/server/error_handler.go:29.2,30.16 2 1
github.com/nmarsollier/cartgo/rest/server/error_handler.go:30.16,32.3 1 0
github.com/nmarsollier/cartgo/rest/server/error_handler.go:34.2,34.21 1 1
github.com/nmarsollier/cartgo/rest/server/error_handler.go:38.51,40.29 1 1
github.com/nmarsollier/cartgo/rest/server/error_handler.go:41.22,43.25 1 1
github.com/nmarsollier/cartgo/rest/server/error_handler.go:44.23,46.19 1 1
github.com/nmarsollier/cartgo/rest/server/error_handler.go:47.34,49.34 1 0
github.com/nmarsollier/cartgo/rest/server/error_handler.go:50.13,54.5 1 0
github.com/nmarsollier/cartgo/rest/server/error_handler.go:55.10,57.33 1 0
github.com/nmarsollier/cartgo/rest/server/error_handler.go:76.89,79.37 2 0
github.com/nmarsollier/cartgo/rest/server/error_handler.go:79.37,81.3 1 0
github.com/nmarsollier/cartgo/rest/server/error_handler.go:83.2,83.18 1 0
github.com/nmarsollier/cartgo/rest/server/error_handler.go:96.55,98.2 1 1
github.com/nmarsollier/cartgo/rest/server/test_utils.go:17.49,20.18 3 1
github.com/nmarsollier/cartgo/rest/server/test_utils.go:20.18,21.35 1 1
github.com/nmarsollier/cartgo/rest/server/test_utils.go:21.35,24.4 2 1
github.com/nmarsollier/cartgo/rest/server/test_utils.go:26.2,26.15 1 1
github.com/nmarsollier/cartgo/rest/server/test_utils.go:31.44,33.40 2 1
github.com/nmarsollier/cartgo/rest/server/test_utils.go:33.40,35.3 1 1
github.com/nmarsollier/cartgo/rest/server/test_utils.go:36.2,36.12 1 1
github.com/nmarsollier/cartgo/rest/server/test_utils.go:41.97,43.26 2 1
github.com/nmarsollier/cartgo/rest/server/test_utils.go:43.26,45.3 1 1
github.com/nmarsollier/cartgo/rest/server/test_utils.go:46.2,47.15 2 1
github.com/nmarsollier/cartgo/rest/server/test_utils.go:50.100,52.26 2 1
github.com/nmarsollier/cartgo/rest/server/test_utils.go:52.26,54.3 1 1
github.com/nmarsollier/cartgo/rest/server/test_utils.go:55.2,56.15 2 1
github.com/nmarsollier/cartgo/rest/server/test_utils.go:59.116,63.26 3 1
github.com/nmarsollier/cartgo/rest/server/test_utils.go:63.26,65.3 1 1
github.com/nmarsollier/cartgo/rest/server/test_utils.go:66.2,67.15 2 1
github.com/nmarsollier/cartgo/rest/server/test_utils.go:71.69,78.2 4 1
github.com/nmarsollier/cartgo/rest/server/test_utils.go:80.73,86.2 4 1
github.com/nmarsollier/cartgo/rest/server/test_utils.go:88.76,90.2 1 1
github.com/nmarsollier/cartgo/rest/server/test_utils.go:92.72,94.2 1 1
github.com/nmarsollier/cartgo/security/dao.go:14.70,17.16 2 1
github.com/nmarsollier/cartgo/security/dao.go:17.16,20.3 2 0
github.com/nmarsollier/cartgo/security/dao.go:21.2,23.42 3 1
github.com/nmarsollier/cartgo/security/dao.go:23.42,26.3 2 1
github.com/nmarsollier/cartgo/security/dao.go:27.2,31.16 4 1
github.com/nmarsollier/cartgo/security/dao.go:31.16,34.3 2 0
github.com/nmarsollier/cartgo/security/dao.go:36.2,37.46 2 1
github.com/nmarsollier/cartgo/security/dao.go:37.46,40.3 2 0
github.com/nmarsollier/cartgo/security/dao.go:41.2,41.18 1 1
github.com/nmarsollier/cartgo/security/service.go:14.64,16.39 1 1
github.com/nmarsollier/cartgo/security/service.go:16.39,17.36 1 0
github.com/nmarsollier/cartgo/security/service.go:17.36,19.4 1 0
github.com/nmarsollier/cartgo/security/service.go:22.2,23.16 2 1
github.com/nmarsollier/cartgo/security/service.go:23.16,26.3 2 1
github.com/nmarsollier/cartgo/security/service.go:29.2,31.18 2 1
github.com/nmarsollier/cartgo/security/service.go:35.31,36.21 1 0
github.com/nmarsollier/cartgo/security/service.go:36.21,39.3 2 0
github.com/nmarsollier/cartgo/security/service.go:41.2,42.40 2 0
github.com/nmarsollier/cartgo/security/test_utils.go:15.23,22.2 1 1
github.com/nmarsollier/cartgo/security/test_utils.go:25.62,31.2 2 1
github.com/nmarsollier/cartgo/security/test_utils.go:33.57,39.2 2 1
github.com/nmarsollier/cartgo/service/AddArticle.go:8.101,10.16 2 1
github.com/nmarsollier/cartgo/service/AddArticle.go:10.16,12.3 1 1
github.com/nmarsollier/cartgo/service/AddArticle.go:14.2,14.34 1 1
github.com/nmarsollier/cartgo/service/AddArticle.go:14.34,15.19 1 1
github.com/nmarsollier/cartgo/service/AddArticle.go:15.19,20.4 1 1
github.com/nmarsollier/cartgo/service/AddArticle.go:23.2,23.18 1 1
github.com/nmarsollier/cartgo/service/Checkout.go:9.84,11.16 2 1
github.com/nmarsollier/cartgo/service/Checkout.go:11.16,13.3 1 0
github.com/nmarsollier/cartgo/service/Checkout.go:15.2,16.16 2 1
github.com/nmarsollier/cartgo/service/Checkout.go:16.16,18.3 1 0
github.com/nmarsollier/cartgo/service/Checkout.go:20.2,21.16 2 1
github.com/nmarsollier/cartgo/service/Checkout.go:21.16,23.3 1 0
github.com/nmarsollier/cartgo/service/Checkout.go:25.2,27.25 2 1
github.com/nmarsollier/cartgo/service/Checkout.go:30.80,31.34 1 1
github.com/nmarsollier/cartgo/service/Checkout.go:31.34,33.17 2 1
github.com/nmarsollier/cartgo/service/Checkout.go:33.17,36.4 2 1
github.com/nmarsollier/cartgo/service/Checkout.go:39.2,39.12 1 1
github.com/nmarsollier/cartgo/service/CurrentCart.go:8.76,10.16 2 1
github.com/nmarsollier/cartgo/service/CurrentCart.go:10.16,12.3 1 1
github.com/nmarsollier/cartgo/service/CurrentCart.go:14.2,14.34 1 1
github.com/nmarsollier/cartgo/service/CurrentCart.go:14.34,15.19 1 1
github.com/nmarsollier/cartgo/service/CurrentCart.go:15.19,20.4 1 1
github.com/nmarsollier/cartgo/service/CurrentCart.go:23.2,23.18 1 1
github.com/nmarsollier/cartgo/service/dao.go:13.82,16.16 2 1
github.com/nmarsollier/cartgo/service/dao.go:16.16,19.3 2 0
github.com/nmarsollier/cartgo/service/dao.go:20.2,22.42 3 1
github.com/nmarsollier/cartgo/service/dao.go:22.42,25.3 2 1
github.com/nmarsollier/cartgo/service/dao.go:26.2,28.12 2 1
github.com/nmarsollier/cartgo/tools/db/connection.go:16.37,17.21 1 0
github.com/nmarsollier/cartgo/tools/db/connection.go:17.21,21.17 3 0
github.com/nmarsollier/cartgo/tools/db/connection.go:21.17,24.4 2 0
github.com/nmarsollier/cartgo/tools/db/connection.go:26.3,26.40 1 0
github.com/nmarsollier/cartgo/tools/db/connection.go:28.2,28.22 1 0
github.com/nmarsollier/cartgo/tools/db/connection.go:32.34,33.47 1 0
github.com/nmarsollier/cartgo/tools/db/connection.go:33.47,35.3 1 0
github.com/nmarsollier/cartgo/tools/db/connection.go:39.39,40.48 1 0
github.com/nmarsollier/cartgo/tools/db/connection.go:40.48,41.46 1 0
github.com/nmarsollier/cartgo/tools/db/connection.go:41.46,42.41 1 0
github.com/nmarsollier/cartgo/tools/db/connection.go:42.41,44.5 1 0
github.com/nmarsollier/cartgo/tools/db/connection.go:47.2,47.14 1 0
github.com/nmarsollier/cartgo/tools/db/mongo_collection.go:19.71,23.2 1 0
github.com/nmarsollier/cartgo/tools/db/mongo_collection.go:29.97,30.85 1 0
github.com/nmarsollier/cartgo/tools/db/mongo_collection.go:30.85,32.3 1 0
github.com/nmarsollier/cartgo/tools/db/mongo_collection.go:33.2,33.12 1 0
github.com/nmarsollier/cartgo/tools/db/mongo_collection.go:36.110,38.16 2 0
github.com/nmarsollier/cartgo/tools/db/mongo_collection.go:38.16,40.3 1 0
github.com/nmarsollier/cartgo/tools/db/mongo_collection.go:41.2,41.35 1 0
github.com/nmarsollier/cartgo/tools/db/mongo_collection.go:44.128,46.16 2 0
github.com/nmarsollier/cartgo/tools/db/mongo_collection.go:46.16,48.3 1 0
github.com/nmarsollier/cartgo/tools/db/mongo_collection.go:49.2,49.38 1 0
github.com/nmarsollier/cartgo/tools/db/mongo_collection.go:52.134,54.16 2 0
github.com/nmarsollier/cartgo/tools/db/mongo_collection.go:54.16,56.3 1 0
github.com/nmarsollier/cartgo/tools/db/mongo_collection.go:57.2,57.38 1 0
github.com/nmarsollier/cartgo/tools/db/mongo_collection.go:60.97,62.16 2 0
github.com/nmarsollier/cartgo/tools/db/mongo_collection.go:62.16,64.3 1 0
github.com/nmarsollier/cartgo/tools/db/mongo_collection.go:65.2,65.36 1 0
github.com/nmarsollier/cartgo/tools/db/mongo_collection.go:74.50,78.2 1 0
github.com/nmarsollier/cartgo/tools/db/mongo_collection.go:84.56,86.2 1 0
github.com/nmarsollier/cartgo/tools/db/mongo_collection.go:88.54,90.2 1 0
github.com/nmarsollier/cartgo/tools/db/mongo_collection.go:91.53,93.2 1 0
github.com/nmarsollier/cartgo/tools/db/mongo_collection_mocks.go:26.75,30.2 3 1
github.com/nmarsollier/cartgo/tools/db/mongo_collection_mocks.go:33.73,35.2 1 1
github.com/nmarsollier/cartgo/tools/db/mongo_collection_mocks.go:38.89,43.2 4 1
github.com/nmarsollier/cartgo/tools/db/mongo_collection_mocks.go:46.93,49.2 2 1
github.com/nmarsollier/cartgo/tools/db/mongo_collection_mocks.go:52.105,58.2 5 1
github.com/nmarsollier/cartgo/tools/db/mongo_collection_mocks.go:61.94,64.2 2 1
github.com/nmarsollier/cartgo/tools/db/mongo_collection_mocks.go:67.111,73.2 5 1
github.com/nmarsollier/cartgo/tools/db/mongo_collection_mocks.go:76.106,79.2 2 1
github.com/nmarsollier/cartgo/tools/db/mongo_collection_mocks.go:82.105,88.2 5 1
github.com/nmarsollier/cartgo/tools/db/mongo_collection_mocks.go:91.100,94.2 2 1
github.com/nmarsollier/cartgo/tools/db/mongo_collection_mocks.go:108.57,112.2 3 0
github.com/nmarsollier/cartgo/tools/db/mongo_collection_mocks.go:115.55,117.2 1 0
github.com/nmarsollier/cartgo/tools/db/mongo_collection_mocks.go:120.55,125.2 4 0
github.com/nmarsollier/cartgo/tools/db/mongo_collection_mocks.go:128.71,131.2 2 0
github.com/nmarsollier/cartgo/tools/db/mongo_collection_mocks.go:134.52,139.2 4 0
github.com/nmarsollier/cartgo/tools/db/mongo_collection_mocks.go:142.72,145.2 2 0
github.com/nmarsollier/cartgo/tools/db/mongo_collection_mocks.go:148.53,153.2 4 0
github.com/nmarsollier/cartgo/tools/db/mongo_collection_mocks.go:156.70,159.2 2 0
github.com/nmarsollier/cartgo/tools/db/test_tools.go:17.80,19.72 1 1
github.com/nmarsollier/cartgo/tools/db/test_tools.go:19.72,21.4 1 1
github.com/nmarsollier/cartgo/tools/db/test_tools.go:25.83,27.2 1 1
github.com/nmarsollier/cartgo/tools/db/test_tools.go:29.82,31.2 1 1
github.com/nmarsollier/cartgo/tools/db/test_tools.go:33.70,35.2 1 0
github.com/nmarsollier/cartgo/tools/env/env.go:19.27,27.2 1 1
github.com/nmarsollier/cartgo/tools/env/env.go:30.27,31.19 1 1
github.com/nmarsollier/cartgo/tools/env/env.go:31.19,33.3 1 1
github.com/nmarsollier/cartgo/tools/env/env.go:35.2,35.15 1 1
github.com/nmarsollier/cartgo/tools/env/env.go:39.28,42.54 2 1
github.com/nmarsollier/cartgo/tools/env/env.go:42.54,44.3 1 0
github.com/nmarsollier/cartgo/tools/env/env.go:46.2,46.53 1 1
github.com/nmarsollier/cartgo/tools/env/env.go:46.53,48.3 1 0
github.com/nmarsollier/cartgo/tools/env/env.go:50.2,50.48 1 1
github.com/nmarsollier/cartgo/tools/env/env.go:50.48,51.53 1 0
github.com/nmarsollier/cartgo/tools/env/env.go:51.53,53.4 1 0
github.com/nmarsollier/cartgo/tools/env/env.go:56.2,56.60 1 1
github.com/nmarsollier/cartgo/tools/env/env.go:56.60,58.3 1 0
github.com/nmarsollier/cartgo/tools/env/env.go:60.2,60.63 1 1
github.com/nmarsollier/cartgo/tools/env/env.go:60.63,62.3 1 0
github.com/nmarsollier/cartgo/tools/env/env.go:64.2,64.15 1 1
github.com/nmarsollier/cartgo/tools/errs/rest_error.go:19.57,24.2 1 1
github.com/nmarsollier/cartgo/tools/errs/rest_error.go:40.36,42.2 1 1
github.com/nmarsollier/cartgo/tools/errs/rest_error.go:45.34,47.2 1 1
github.com/nmarsollier/cartgo/tools/errs/validation.go:16.33,20.2 1 1
github.com/nmarsollier/cartgo/tools/errs/validation.go:26.40,28.16 2 1
github.com/nmarsollier/cartgo/tools/errs/validation.go:28.16,31.3 2 0
github.com/nmarsollier/cartgo/tools/errs/validation.go:32.2,32.21 1 1
github.com/nmarsollier/cartgo/tools/errs/validation.go:36.69,43.2 3 1
github.com/nmarsollier/cartgo/tools/httpx/client.go:9.41,10.24 1 1
github.com/nmarsollier/cartgo/tools/httpx/client.go:10.24,11.39 1 1
github.com/nmarsollier/cartgo/tools/httpx/client.go:11.39,13.4 1 1
github.com/nmarsollier/cartgo/tools/httpx/client.go:16.2,16.27 1 0
github.com/nmarsollier/cartgo/tools/httpx/client_mocks.go:26.65,30.2 3 1
github.com/nmarsollier/cartgo/tools/httpx/client_mocks.go:33.63,35.2 1 1
github.com/nmarsollier/cartgo/tools/httpx/client_mocks.go:38.72,44.2 5 1
github.com/nmarsollier/cartgo/tools/httpx/client_mocks.go:47.72,50.2 2 1
github.com/nmarsollier/cartgo/tools/strs/json_tools.go:5.37,8.2 2 1
