mode: set
github.com/nmarsollier/cartgo/cart/add_article_service.go:3.99,5.16 2 0
github.com/nmarsollier/cartgo/cart/add_article_service.go:5.16,7.3 1 0
github.com/nmarsollier/cartgo/cart/add_article_service.go:9.2,17.34 3 0
github.com/nmarsollier/cartgo/cart/add_article_service.go:17.34,18.39 1 0
github.com/nmarsollier/cartgo/cart/add_article_service.go:18.39,21.4 2 0
github.com/nmarsollier/cartgo/cart/add_article_service.go:25.2,25.12 1 0
github.com/nmarsollier/cartgo/cart/add_article_service.go:25.12,27.3 1 0
github.com/nmarsollier/cartgo/cart/add_article_service.go:29.2,30.34 2 0
github.com/nmarsollier/cartgo/cart/add_article_service.go:30.34,31.21 1 0
github.com/nmarsollier/cartgo/cart/add_article_service.go:31.21,33.4 1 0
github.com/nmarsollier/cartgo/cart/add_article_service.go:35.2,38.16 3 0
github.com/nmarsollier/cartgo/cart/add_article_service.go:38.16,40.3 1 0
github.com/nmarsollier/cartgo/cart/add_article_service.go:42.2,42.18 1 0
github.com/nmarsollier/cartgo/cart/article_data_service.go:9.74,11.16 2 1
github.com/nmarsollier/cartgo/cart/article_data_service.go:11.16,13.3 1 0
github.com/nmarsollier/cartgo/cart/article_data_service.go:15.2,15.34 1 1
github.com/nmarsollier/cartgo/cart/article_data_service.go:15.34,16.36 1 1
github.com/nmarsollier/cartgo/cart/article_data_service.go:16.36,19.4 2 0
github.com/nmarsollier/cartgo/cart/article_data_service.go:22.2,23.16 2 1
github.com/nmarsollier/cartgo/cart/article_data_service.go:23.16,25.3 1 0
github.com/nmarsollier/cartgo/cart/article_data_service.go:27.2,27.12 1 1
github.com/nmarsollier/cartgo/cart/current_cart_service.go:3.68,5.16 2 0
github.com/nmarsollier/cartgo/cart/current_cart_service.go:5.16,6.53 1 0
github.com/nmarsollier/cartgo/cart/current_cart_service.go:6.53,9.4 1 0
github.com/nmarsollier/cartgo/cart/current_cart_service.go:11.3,13.17 3 0
github.com/nmarsollier/cartgo/cart/current_cart_service.go:13.17,15.4 1 0
github.com/nmarsollier/cartgo/cart/current_cart_service.go:18.2,18.18 1 0
github.com/nmarsollier/cartgo/cart/find_cart_service.go:3.69,5.16 2 0
github.com/nmarsollier/cartgo/cart/find_cart_service.go:5.16,6.53 1 0
github.com/nmarsollier/cartgo/cart/find_cart_service.go:6.53,8.4 1 0
github.com/nmarsollier/cartgo/cart/find_cart_service.go:11.2,11.18 1 0
github.com/nmarsollier/cartgo/cart/invalidate_service.go:3.75,5.16 2 0
github.com/nmarsollier/cartgo/cart/invalidate_service.go:5.16,7.3 1 0
github.com/nmarsollier/cartgo/cart/invalidate_service.go:9.2,9.18 1 0
github.com/nmarsollier/cartgo/cart/order_placed_service.go:9.75,11.16 2 1
github.com/nmarsollier/cartgo/cart/order_placed_service.go:11.16,13.3 1 0
github.com/nmarsollier/cartgo/cart/order_placed_service.go:15.2,17.16 3 1
github.com/nmarsollier/cartgo/cart/order_placed_service.go:17.16,19.3 1 0
github.com/nmarsollier/cartgo/cart/order_placed_service.go:21.2,21.12 1 1
github.com/nmarsollier/cartgo/cart/remove_article_service.go:3.88,5.16 2 0
github.com/nmarsollier/cartgo/cart/remove_article_service.go:5.16,7.3 1 0
github.com/nmarsollier/cartgo/cart/remove_article_service.go:9.2,10.34 2 0
github.com/nmarsollier/cartgo/cart/remove_article_service.go:10.34,11.31 1 0
github.com/nmarsollier/cartgo/cart/remove_article_service.go:11.31,13.4 1 0
github.com/nmarsollier/cartgo/cart/remove_article_service.go:15.2,18.16 3 0
github.com/nmarsollier/cartgo/cart/remove_article_service.go:18.16,20.3 1 0
github.com/nmarsollier/cartgo/cart/remove_article_service.go:22.2,22.18 1 0
github.com/nmarsollier/cartgo/cart/repository.go:18.67,19.24 1 1
github.com/nmarsollier/cartgo/cart/repository.go:19.24,20.45 1 1
github.com/nmarsollier/cartgo/cart/repository.go:20.45,22.4 1 1
github.com/nmarsollier/cartgo/cart/repository.go:25.2,25.23 1 0
github.com/nmarsollier/cartgo/cart/repository.go:25.23,27.3 1 0
github.com/nmarsollier/cartgo/cart/repository.go:29.2,30.16 2 0
github.com/nmarsollier/cartgo/cart/repository.go:30.16,33.3 2 0
github.com/nmarsollier/cartgo/cart/repository.go:35.2,38.24 3 0
github.com/nmarsollier/cartgo/cart/repository.go:41.35,50.2 1 0
github.com/nmarsollier/cartgo/cart/repository.go:62.69,64.16 2 1
github.com/nmarsollier/cartgo/cart/repository.go:64.16,67.3 2 0
github.com/nmarsollier/cartgo/cart/repository.go:69.2,75.78 3 1
github.com/nmarsollier/cartgo/cart/repository.go:75.78,77.3 1 0
github.com/nmarsollier/cartgo/cart/repository.go:79.2,79.18 1 1
github.com/nmarsollier/cartgo/cart/repository.go:83.65,85.16 2 1
github.com/nmarsollier/cartgo/cart/repository.go:85.16,88.3 2 0
github.com/nmarsollier/cartgo/cart/repository.go:90.2,91.16 2 1
github.com/nmarsollier/cartgo/cart/repository.go:91.16,94.3 2 0
github.com/nmarsollier/cartgo/cart/repository.go:96.2,99.78 3 1
github.com/nmarsollier/cartgo/cart/repository.go:99.78,102.3 2 0
github.com/nmarsollier/cartgo/cart/repository.go:104.2,104.18 1 1
github.com/nmarsollier/cartgo/cart/repository.go:107.60,108.46 1 0
github.com/nmarsollier/cartgo/cart/repository.go:108.46,111.3 2 0
github.com/nmarsollier/cartgo/cart/repository.go:113.2,114.16 2 0
github.com/nmarsollier/cartgo/cart/repository.go:114.16,117.3 2 0
github.com/nmarsollier/cartgo/cart/repository.go:119.2,119.76 1 0
github.com/nmarsollier/cartgo/cart/repository.go:119.76,122.3 2 0
github.com/nmarsollier/cartgo/cart/repository.go:124.2,124.18 1 0
github.com/nmarsollier/cartgo/cart/repository.go:127.61,128.46 1 1
github.com/nmarsollier/cartgo/cart/repository.go:128.46,131.3 2 0
github.com/nmarsollier/cartgo/cart/repository.go:133.2,134.16 2 1
github.com/nmarsollier/cartgo/cart/repository.go:134.16,137.3 2 0
github.com/nmarsollier/cartgo/cart/repository.go:139.2,140.16 2 1
github.com/nmarsollier/cartgo/cart/repository.go:140.16,143.3 2 0
github.com/nmarsollier/cartgo/cart/repository.go:145.2,145.18 1 1
github.com/nmarsollier/cartgo/cart/repository.go:148.64,149.46 1 0
github.com/nmarsollier/cartgo/cart/repository.go:149.46,152.3 2 0
github.com/nmarsollier/cartgo/cart/repository.go:154.2,155.16 2 0
github.com/nmarsollier/cartgo/cart/repository.go:155.16,158.3 2 0
github.com/nmarsollier/cartgo/cart/repository.go:160.2,171.18 3 0
github.com/nmarsollier/cartgo/cart/schema.go:22.39,24.2 1 1
github.com/nmarsollier/cartgo/cart/test_tools.go:10.23,32.2 1 1
github.com/nmarsollier/cartgo/rabbit/consume/consume_article_exist.go:23.34,31.16 3 0
github.com/nmarsollier/cartgo/rabbit/consume/consume_article_exist.go:31.16,34.3 2 0
github.com/nmarsollier/cartgo/rabbit/consume/consume_article_exist.go:35.2,38.16 3 0
github.com/nmarsollier/cartgo/rabbit/consume/consume_article_exist.go:38.16,41.3 2 0
github.com/nmarsollier/cartgo/rabbit/consume/consume_article_exist.go:42.2,53.16 3 0
github.com/nmarsollier/cartgo/rabbit/consume/consume_article_exist.go:53.16,56.3 2 0
github.com/nmarsollier/cartgo/rabbit/consume/consume_article_exist.go:58.2,66.16 2 0
github.com/nmarsollier/cartgo/rabbit/consume/consume_article_exist.go:66.16,69.3 2 0
github.com/nmarsollier/cartgo/rabbit/consume/consume_article_exist.go:71.2,77.16 2 0
github.com/nmarsollier/cartgo/rabbit/consume/consume_article_exist.go:77.16,80.3 2 0
github.com/nmarsollier/cartgo/rabbit/consume/consume_article_exist.go:82.2,91.16 2 0
github.com/nmarsollier/cartgo/rabbit/consume/consume_article_exist.go:91.16,94.3 2 0
github.com/nmarsollier/cartgo/rabbit/consume/consume_article_exist.go:96.2,96.12 1 0
github.com/nmarsollier/cartgo/rabbit/consume/consume_article_exist.go:96.12,97.22 1 0
github.com/nmarsollier/cartgo/rabbit/consume/consume_article_exist.go:97.22,102.18 4 0
github.com/nmarsollier/cartgo/rabbit/consume/consume_article_exist.go:102.18,108.40 4 0
github.com/nmarsollier/cartgo/rabbit/consume/consume_article_exist.go:108.40,110.6 1 0
github.com/nmarsollier/cartgo/rabbit/consume/consume_article_exist.go:110.11,112.6 1 0
github.com/nmarsollier/cartgo/rabbit/consume/consume_article_exist.go:113.10,115.5 1 0
github.com/nmarsollier/cartgo/rabbit/consume/consume_article_exist.go:119.2,121.12 2 0
github.com/nmarsollier/cartgo/rabbit/consume/consume_article_exist.go:124.86,128.16 3 1
github.com/nmarsollier/cartgo/rabbit/consume/consume_article_exist.go:128.16,131.3 2 0
github.com/nmarsollier/cartgo/rabbit/consume/consume_article_exist.go:139.73,142.21 2 0
github.com/nmarsollier/cartgo/rabbit/consume/consume_article_exist.go:142.21,144.3 1 0
github.com/nmarsollier/cartgo/rabbit/consume/consume_article_exist.go:146.2,146.14 1 0
github.com/nmarsollier/cartgo/rabbit/consume/consume_logout.go:23.28,31.16 3 0
github.com/nmarsollier/cartgo/rabbit/consume/consume_logout.go:31.16,34.3 2 0
github.com/nmarsollier/cartgo/rabbit/consume/consume_logout.go:35.2,38.16 3 0
github.com/nmarsollier/cartgo/rabbit/consume/consume_logout.go:38.16,41.3 2 0
github.com/nmarsollier/cartgo/rabbit/consume/consume_logout.go:42.2,53.16 3 0
github.com/nmarsollier/cartgo/rabbit/consume/consume_logout.go:53.16,56.3 2 0
github.com/nmarsollier/cartgo/rabbit/consume/consume_logout.go:58.2,66.16 2 0
github.com/nmarsollier/cartgo/rabbit/consume/consume_logout.go:66.16,69.3 2 0
github.com/nmarsollier/cartgo/rabbit/consume/consume_logout.go:71.2,77.16 2 0
github.com/nmarsollier/cartgo/rabbit/consume/consume_logout.go:77.16,80.3 2 0
github.com/nmarsollier/cartgo/rabbit/consume/consume_logout.go:82.2,91.16 2 0
github.com/nmarsollier/cartgo/rabbit/consume/consume_logout.go:91.16,94.3 2 0
github.com/nmarsollier/cartgo/rabbit/consume/consume_logout.go:96.2,96.12 1 0
github.com/nmarsollier/cartgo/rabbit/consume/consume_logout.go:96.12,97.22 1 0
github.com/nmarsollier/cartgo/rabbit/consume/consume_logout.go:97.22,102.18 4 0
github.com/nmarsollier/cartgo/rabbit/consume/consume_logout.go:102.18,109.5 4 0
github.com/nmarsollier/cartgo/rabbit/consume/consume_logout.go:109.10,111.5 1 0
github.com/nmarsollier/cartgo/rabbit/consume/consume_logout.go:115.2,117.12 2 0
github.com/nmarsollier/cartgo/rabbit/consume/consume_logout.go:125.54,128.21 2 0
github.com/nmarsollier/cartgo/rabbit/consume/consume_logout.go:128.21,130.3 1 0
github.com/nmarsollier/cartgo/rabbit/consume/consume_logout.go:132.2,132.14 1 0
github.com/nmarsollier/cartgo/rabbit/consume/consume_order_placed.go:23.33,31.16 3 0
github.com/nmarsollier/cartgo/rabbit/consume/consume_order_placed.go:31.16,34.3 2 0
github.com/nmarsollier/cartgo/rabbit/consume/consume_order_placed.go:35.2,38.16 3 0
github.com/nmarsollier/cartgo/rabbit/consume/consume_order_placed.go:38.16,41.3 2 0
github.com/nmarsollier/cartgo/rabbit/consume/consume_order_placed.go:42.2,53.16 3 0
github.com/nmarsollier/cartgo/rabbit/consume/consume_order_placed.go:53.16,56.3 2 0
github.com/nmarsollier/cartgo/rabbit/consume/consume_order_placed.go:58.2,66.16 2 0
github.com/nmarsollier/cartgo/rabbit/consume/consume_order_placed.go:66.16,69.3 2 0
github.com/nmarsollier/cartgo/rabbit/consume/consume_order_placed.go:71.2,77.16 2 0
github.com/nmarsollier/cartgo/rabbit/consume/consume_order_placed.go:77.16,80.3 2 0
github.com/nmarsollier/cartgo/rabbit/consume/consume_order_placed.go:82.2,91.16 2 0
github.com/nmarsollier/cartgo/rabbit/consume/consume_order_placed.go:91.16,94.3 2 0
github.com/nmarsollier/cartgo/rabbit/consume/consume_order_placed.go:96.2,96.12 1 0
github.com/nmarsollier/cartgo/rabbit/consume/consume_order_placed.go:96.12,97.22 1 0
github.com/nmarsollier/cartgo/rabbit/consume/consume_order_placed.go:97.22,102.18 4 0
github.com/nmarsollier/cartgo/rabbit/consume/consume_order_placed.go:102.18,108.40 4 0
github.com/nmarsollier/cartgo/rabbit/consume/consume_order_placed.go:108.40,110.6 1 0
github.com/nmarsollier/cartgo/rabbit/consume/consume_order_placed.go:110.11,112.6 1 0
github.com/nmarsollier/cartgo/rabbit/consume/consume_order_placed.go:113.10,115.5 1 0
github.com/nmarsollier/cartgo/rabbit/consume/consume_order_placed.go:119.2,121.12 2 0
github.com/nmarsollier/cartgo/rabbit/consume/consume_order_placed.go:124.84,128.16 3 1
github.com/nmarsollier/cartgo/rabbit/consume/consume_order_placed.go:128.16,131.3 2 0
github.com/nmarsollier/cartgo/rabbit/consume/consume_order_placed.go:139.71,142.21 2 0
github.com/nmarsollier/cartgo/rabbit/consume/consume_order_placed.go:142.21,144.3 1 0
github.com/nmarsollier/cartgo/rabbit/consume/consume_order_placed.go:146.2,146.14 1 0
github.com/nmarsollier/cartgo/rabbit/consume/listeners.go:9.13,14.12 2 0
github.com/nmarsollier/cartgo/rabbit/consume/listeners.go:14.12,15.7 1 0
github.com/nmarsollier/cartgo/rabbit/consume/listeners.go:15.7,17.18 2 0
github.com/nmarsollier/cartgo/rabbit/consume/listeners.go:17.18,19.5 1 0
github.com/nmarsollier/cartgo/rabbit/consume/listeners.go:20.4,21.31 2 0
github.com/nmarsollier/cartgo/rabbit/consume/listeners.go:25.2,25.12 1 0
github.com/nmarsollier/cartgo/rabbit/consume/listeners.go:25.12,26.7 1 0
github.com/nmarsollier/cartgo/rabbit/consume/listeners.go:26.7,28.18 2 0
github.com/nmarsollier/cartgo/rabbit/consume/listeners.go:28.18,30.5 1 0
github.com/nmarsollier/cartgo/rabbit/consume/listeners.go:31.4,32.31 2 0
github.com/nmarsollier/cartgo/rabbit/consume/listeners.go:36.2,36.12 1 0
github.com/nmarsollier/cartgo/rabbit/consume/listeners.go:36.12,37.7 1 0
github.com/nmarsollier/cartgo/rabbit/consume/listeners.go:37.7,39.18 2 0
github.com/nmarsollier/cartgo/rabbit/consume/listeners.go:39.18,41.5 1 0
github.com/nmarsollier/cartgo/rabbit/consume/listeners.go:42.4,43.31 2 0
github.com/nmarsollier/cartgo/security/invalidate_service.go:8.51,9.21 1 0
github.com/nmarsollier/cartgo/security/invalidate_service.go:9.21,12.3 2 0
github.com/nmarsollier/cartgo/security/invalidate_service.go:14.2,15.51 2 0
github.com/nmarsollier/cartgo/security/repository.go:18.70,21.16 2 0
github.com/nmarsollier/cartgo/security/repository.go:21.16,24.3 2 0
github.com/nmarsollier/cartgo/security/repository.go:25.2,26.85 2 0
github.com/nmarsollier/cartgo/security/repository.go:26.85,28.3 1 0
github.com/nmarsollier/cartgo/security/repository.go:30.2,31.42 2 0
github.com/nmarsollier/cartgo/security/repository.go:31.42,34.3 2 0
github.com/nmarsollier/cartgo/security/repository.go:35.2,39.16 4 0
github.com/nmarsollier/cartgo/security/repository.go:39.16,42.3 2 0
github.com/nmarsollier/cartgo/security/repository.go:44.2,45.46 2 0
github.com/nmarsollier/cartgo/security/repository.go:45.46,48.3 2 0
github.com/nmarsollier/cartgo/security/repository.go:49.2,49.18 1 0
github.com/nmarsollier/cartgo/security/test_utils.go:15.23,22.2 1 0
github.com/nmarsollier/cartgo/security/test_utils.go:25.62,31.2 2 0
github.com/nmarsollier/cartgo/security/test_utils.go:33.57,39.2 2 0
github.com/nmarsollier/cartgo/security/validate_service.go:10.64,12.39 1 0
github.com/nmarsollier/cartgo/security/validate_service.go:12.39,13.36 1 0
github.com/nmarsollier/cartgo/security/validate_service.go:13.36,15.4 1 0
github.com/nmarsollier/cartgo/security/validate_service.go:18.2,19.16 2 0
github.com/nmarsollier/cartgo/security/validate_service.go:19.16,22.3 2 0
github.com/nmarsollier/cartgo/security/validate_service.go:25.2,27.18 2 0
github.com/nmarsollier/cartgo/tools/db/connection.go:16.37,17.21 1 0
github.com/nmarsollier/cartgo/tools/db/connection.go:17.21,21.17 3 0
github.com/nmarsollier/cartgo/tools/db/connection.go:21.17,24.4 2 0
github.com/nmarsollier/cartgo/tools/db/connection.go:26.3,26.37 1 0
github.com/nmarsollier/cartgo/tools/db/connection.go:28.2,28.22 1 0
github.com/nmarsollier/cartgo/tools/db/connection.go:32.34,33.47 1 0
github.com/nmarsollier/cartgo/tools/db/connection.go:33.47,35.3 1 0
github.com/nmarsollier/cartgo/tools/db/connection.go:39.39,40.48 1 0
github.com/nmarsollier/cartgo/tools/db/connection.go:40.48,41.46 1 0
github.com/nmarsollier/cartgo/tools/db/connection.go:41.46,42.41 1 0
github.com/nmarsollier/cartgo/tools/db/connection.go:42.41,44.5 1 0
github.com/nmarsollier/cartgo/tools/db/connection.go:47.2,47.14 1 0
github.com/nmarsollier/cartgo/tools/db/mongo_collection.go:19.71,23.2 1 0
github.com/nmarsollier/cartgo/tools/db/mongo_collection.go:29.97,30.85 1 0
github.com/nmarsollier/cartgo/tools/db/mongo_collection.go:30.85,32.3 1 0
github.com/nmarsollier/cartgo/tools/db/mongo_collection.go:33.2,33.12 1 0
github.com/nmarsollier/cartgo/tools/db/mongo_collection.go:36.110,38.16 2 0
github.com/nmarsollier/cartgo/tools/db/mongo_collection.go:38.16,40.3 1 0
github.com/nmarsollier/cartgo/tools/db/mongo_collection.go:41.2,41.35 1 0
github.com/nmarsollier/cartgo/tools/db/mongo_collection.go:44.128,46.16 2 0
github.com/nmarsollier/cartgo/tools/db/mongo_collection.go:46.16,48.3 1 0
github.com/nmarsollier/cartgo/tools/db/mongo_collection.go:49.2,49.38 1 0
github.com/nmarsollier/cartgo/tools/db/mongo_collection.go:52.134,54.16 2 0
github.com/nmarsollier/cartgo/tools/db/mongo_collection.go:54.16,56.3 1 0
github.com/nmarsollier/cartgo/tools/db/mongo_collection.go:57.2,57.38 1 0
github.com/nmarsollier/cartgo/tools/db/mongo_collection.go:60.97,62.16 2 0
github.com/nmarsollier/cartgo/tools/db/mongo_collection.go:62.16,64.3 1 0
github.com/nmarsollier/cartgo/tools/db/mongo_collection.go:65.2,65.36 1 0
github.com/nmarsollier/cartgo/tools/db/mongo_collection.go:74.50,78.2 1 0
github.com/nmarsollier/cartgo/tools/db/mongo_collection.go:84.56,86.2 1 0
github.com/nmarsollier/cartgo/tools/db/mongo_collection.go:88.54,90.2 1 0
github.com/nmarsollier/cartgo/tools/db/mongo_collection.go:91.53,93.2 1 0
github.com/nmarsollier/cartgo/tools/db/mongo_collection_mocks.go:26.75,30.2 3 1
github.com/nmarsollier/cartgo/tools/db/mongo_collection_mocks.go:33.73,35.2 1 1
github.com/nmarsollier/cartgo/tools/db/mongo_collection_mocks.go:38.89,43.2 4 1
github.com/nmarsollier/cartgo/tools/db/mongo_collection_mocks.go:46.93,49.2 2 1
github.com/nmarsollier/cartgo/tools/db/mongo_collection_mocks.go:52.105,58.2 5 0
github.com/nmarsollier/cartgo/tools/db/mongo_collection_mocks.go:61.94,64.2 2 0
github.com/nmarsollier/cartgo/tools/db/mongo_collection_mocks.go:67.111,73.2 5 1
github.com/nmarsollier/cartgo/tools/db/mongo_collection_mocks.go:76.106,79.2 2 1
github.com/nmarsollier/cartgo/tools/db/mongo_collection_mocks.go:82.105,88.2 5 0
github.com/nmarsollier/cartgo/tools/db/mongo_collection_mocks.go:91.100,94.2 2 0
github.com/nmarsollier/cartgo/tools/db/mongo_collection_mocks.go:108.57,112.2 3 0
github.com/nmarsollier/cartgo/tools/db/mongo_collection_mocks.go:115.55,117.2 1 0
github.com/nmarsollier/cartgo/tools/db/mongo_collection_mocks.go:120.55,125.2 4 0
github.com/nmarsollier/cartgo/tools/db/mongo_collection_mocks.go:128.71,131.2 2 0
github.com/nmarsollier/cartgo/tools/db/mongo_collection_mocks.go:134.52,139.2 4 0
github.com/nmarsollier/cartgo/tools/db/mongo_collection_mocks.go:142.72,145.2 2 0
github.com/nmarsollier/cartgo/tools/db/mongo_collection_mocks.go:148.53,153.2 4 0
github.com/nmarsollier/cartgo/tools/db/mongo_collection_mocks.go:156.70,159.2 2 0
github.com/nmarsollier/cartgo/tools/db/test_tools.go:17.80,19.72 1 0
github.com/nmarsollier/cartgo/tools/db/test_tools.go:19.72,21.4 1 0
github.com/nmarsollier/cartgo/tools/db/test_tools.go:25.83,27.2 1 0
github.com/nmarsollier/cartgo/tools/db/test_tools.go:29.82,31.2 1 0
github.com/nmarsollier/cartgo/tools/db/test_tools.go:33.70,35.2 1 0
github.com/nmarsollier/cartgo/tools/env/env.go:21.27,31.2 1 0
github.com/nmarsollier/cartgo/tools/env/env.go:34.27,35.19 1 0
github.com/nmarsollier/cartgo/tools/env/env.go:35.19,37.3 1 0
github.com/nmarsollier/cartgo/tools/env/env.go:39.2,39.15 1 0
github.com/nmarsollier/cartgo/tools/env/env.go:43.28,46.54 2 0
github.com/nmarsollier/cartgo/tools/env/env.go:46.54,48.3 1 0
github.com/nmarsollier/cartgo/tools/env/env.go:50.2,50.53 1 0
github.com/nmarsollier/cartgo/tools/env/env.go:50.53,52.3 1 0
github.com/nmarsollier/cartgo/tools/env/env.go:54.2,54.48 1 0
github.com/nmarsollier/cartgo/tools/env/env.go:54.48,55.53 1 0
github.com/nmarsollier/cartgo/tools/env/env.go:55.53,57.4 1 0
github.com/nmarsollier/cartgo/tools/env/env.go:60.2,60.52 1 0
github.com/nmarsollier/cartgo/tools/env/env.go:60.52,61.53 1 0
github.com/nmarsollier/cartgo/tools/env/env.go:61.53,63.4 1 0
github.com/nmarsollier/cartgo/tools/env/env.go:66.2,66.60 1 0
github.com/nmarsollier/cartgo/tools/env/env.go:66.60,68.3 1 0
github.com/nmarsollier/cartgo/tools/env/env.go:70.2,70.54 1 0
github.com/nmarsollier/cartgo/tools/env/env.go:70.54,72.3 1 0
github.com/nmarsollier/cartgo/tools/env/env.go:74.2,74.63 1 0
github.com/nmarsollier/cartgo/tools/env/env.go:74.63,76.3 1 0
github.com/nmarsollier/cartgo/tools/env/env.go:78.2,78.15 1 0
github.com/nmarsollier/cartgo/tools/errs/rest_error.go:19.57,24.2 1 1
github.com/nmarsollier/cartgo/tools/errs/rest_error.go:40.36,42.2 1 0
github.com/nmarsollier/cartgo/tools/errs/rest_error.go:45.34,47.2 1 0
github.com/nmarsollier/cartgo/tools/errs/validation.go:14.33,18.2 1 1
github.com/nmarsollier/cartgo/tools/errs/validation.go:24.40,26.16 2 0
github.com/nmarsollier/cartgo/tools/errs/validation.go:26.16,28.3 1 0
github.com/nmarsollier/cartgo/tools/errs/validation.go:29.2,29.21 1 0
github.com/nmarsollier/cartgo/tools/errs/validation.go:33.69,40.2 3 1
github.com/nmarsollier/cartgo/tools/httpx/client.go:9.41,10.24 1 0
github.com/nmarsollier/cartgo/tools/httpx/client.go:10.24,11.39 1 0
github.com/nmarsollier/cartgo/tools/httpx/client.go:11.39,13.4 1 0
github.com/nmarsollier/cartgo/tools/httpx/client.go:16.2,16.27 1 0
github.com/nmarsollier/cartgo/tools/httpx/client_mocks.go:26.65,30.2 3 0
github.com/nmarsollier/cartgo/tools/httpx/client_mocks.go:33.63,35.2 1 0
github.com/nmarsollier/cartgo/tools/httpx/client_mocks.go:38.72,44.2 5 0
github.com/nmarsollier/cartgo/tools/httpx/client_mocks.go:47.72,50.2 2 0
github.com/nmarsollier/cartgo/tools/log/logger.go:24.42,25.24 1 0
github.com/nmarsollier/cartgo/tools/log/logger.go:25.24,26.36 1 0
github.com/nmarsollier/cartgo/tools/log/logger.go:26.36,28.4 1 0
github.com/nmarsollier/cartgo/tools/log/logger.go:30.2,35.35 5 0
github.com/nmarsollier/cartgo/tools/log/logger.go:43.67,45.16 2 0
github.com/nmarsollier/cartgo/tools/log/logger.go:45.16,47.3 1 0
github.com/nmarsollier/cartgo/tools/log/logger.go:48.2,48.12 1 0
github.com/nmarsollier/cartgo/tools/log/logger.go:51.59,53.2 1 0
github.com/nmarsollier/cartgo/tools/log/logger.go:55.49,58.2 2 0
github.com/nmarsollier/cartgo/tools/log/logger.go:60.45,62.16 2 0
github.com/nmarsollier/cartgo/tools/log/logger.go:62.16,73.3 3 0
github.com/nmarsollier/cartgo/tools/log/logrus_logger.go:16.49,18.2 1 0
github.com/nmarsollier/cartgo/tools/log/logrus_logger.go:20.75,24.2 1 0
github.com/nmarsollier/cartgo/tools/log/logrus_logger.go:26.48,28.2 1 0
github.com/nmarsollier/cartgo/tools/log/logrus_logger.go:30.43,32.2 1 0
github.com/nmarsollier/cartgo/tools/log/logrus_logger_mocks.go:26.67,30.2 3 1
github.com/nmarsollier/cartgo/tools/log/logrus_logger_mocks.go:33.65,35.2 1 1
github.com/nmarsollier/cartgo/tools/log/logrus_logger_mocks.go:38.48,43.2 4 0
github.com/nmarsollier/cartgo/tools/log/logrus_logger_mocks.go:46.60,49.2 2 1
github.com/nmarsollier/cartgo/tools/log/logrus_logger_mocks.go:52.54,55.25 3 0
github.com/nmarsollier/cartgo/tools/log/logrus_logger_mocks.go:55.25,57.3 1 0
github.com/nmarsollier/cartgo/tools/log/logrus_logger_mocks.go:58.2,58.37 1 0
github.com/nmarsollier/cartgo/tools/log/logrus_logger_mocks.go:62.80,65.2 2 1
github.com/nmarsollier/cartgo/tools/log/logrus_logger_mocks.go:68.53,71.25 3 0
github.com/nmarsollier/cartgo/tools/log/logrus_logger_mocks.go:71.25,73.3 1 0
github.com/nmarsollier/cartgo/tools/log/logrus_logger_mocks.go:74.2,74.36 1 0
github.com/nmarsollier/cartgo/tools/log/logrus_logger_mocks.go:78.79,81.2 2 1
github.com/nmarsollier/cartgo/tools/log/logrus_logger_mocks.go:84.80,89.2 4 0
github.com/nmarsollier/cartgo/tools/log/logrus_logger_mocks.go:92.87,95.2 2 1
github.com/nmarsollier/cartgo/tools/log/test_tools.go:8.123,19.2 6 1
github.com/nmarsollier/cartgo/tools/strs/json_tools.go:5.37,8.2 2 0
