mode: set
github.com/nmarsollier/cartgo/internal/rest/delete_cart_article_id.go:24.23,30.2 1 0
github.com/nmarsollier/cartgo/internal/rest/delete_cart_article_id.go:32.36,38.16 5 0
github.com/nmarsollier/cartgo/internal/rest/delete_cart_article_id.go:38.16,41.3 2 0
github.com/nmarsollier/cartgo/internal/rest/delete_cart_article_id.go:43.2,43.17 1 0
github.com/nmarsollier/cartgo/internal/rest/get_cart.go:23.20,29.2 1 0
github.com/nmarsollier/cartgo/internal/rest/get_cart.go:31.34,37.16 4 0
github.com/nmarsollier/cartgo/internal/rest/get_cart.go:37.16,40.3 2 0
github.com/nmarsollier/cartgo/internal/rest/get_cart.go:42.2,42.19 1 0
github.com/nmarsollier/cartgo/internal/rest/get_cart_validate.go:23.28,29.2 1 0
github.com/nmarsollier/cartgo/internal/rest/get_cart_validate.go:31.31,37.16 5 0
github.com/nmarsollier/cartgo/internal/rest/get_cart_validate.go:37.16,40.3 2 0
github.com/nmarsollier/cartgo/internal/rest/get_cart_validate.go:42.2,43.16 2 0
github.com/nmarsollier/cartgo/internal/rest/get_cart_validate.go:43.16,46.3 2 0
github.com/nmarsollier/cartgo/internal/rest/get_cart_validate.go:48.2,48.17 1 0
github.com/nmarsollier/cartgo/internal/rest/post_cart_article.go:30.28,36.2 1 0
github.com/nmarsollier/cartgo/internal/rest/post_cart_article.go:38.33,41.48 3 0
github.com/nmarsollier/cartgo/internal/rest/post_cart_article.go:41.48,44.3 2 0
github.com/nmarsollier/cartgo/internal/rest/post_cart_article.go:46.2,48.16 3 0
github.com/nmarsollier/cartgo/internal/rest/post_cart_article.go:48.16,51.3 2 0
github.com/nmarsollier/cartgo/internal/rest/post_cart_article.go:53.2,53.17 1 0
github.com/nmarsollier/cartgo/internal/rest/post_cart_article_id_decrement.go:24.37,30.2 1 0
github.com/nmarsollier/cartgo/internal/rest/post_cart_article_id_decrement.go:32.39,38.16 5 0
github.com/nmarsollier/cartgo/internal/rest/post_cart_article_id_decrement.go:38.16,41.3 2 0
github.com/nmarsollier/cartgo/internal/rest/post_cart_article_id_decrement.go:43.2,43.17 1 0
github.com/nmarsollier/cartgo/internal/rest/post_cart_article_id_increment.go:24.37,30.2 1 0
github.com/nmarsollier/cartgo/internal/rest/post_cart_article_id_increment.go:32.39,39.16 5 0
github.com/nmarsollier/cartgo/internal/rest/post_cart_article_id_increment.go:39.16,42.3 2 0
github.com/nmarsollier/cartgo/internal/rest/post_cart_article_id_increment.go:44.2,44.17 1 0
github.com/nmarsollier/cartgo/internal/rest/post_cart_checkout.go:24.29,30.2 1 0
github.com/nmarsollier/cartgo/internal/rest/post_cart_checkout.go:32.31,38.16 5 0
github.com/nmarsollier/cartgo/internal/rest/post_cart_checkout.go:38.16,41.3 2 0
github.com/nmarsollier/cartgo/internal/rest/post_cart_checkout.go:43.2,43.17 1 0
github.com/nmarsollier/cartgo/internal/rest/router.go:11.14,14.2 2 0
github.com/nmarsollier/cartgo/internal/rest/router.go:16.19,24.2 7 0
