mode: set
github.com/nmarsollier/cartgo/tools/db/connection.go:16.37,17.21 1 0
github.com/nmarsollier/cartgo/tools/db/connection.go:17.21,21.17 3 0
github.com/nmarsollier/cartgo/tools/db/connection.go:21.17,24.4 2 0
github.com/nmarsollier/cartgo/tools/db/connection.go:26.3,26.40 1 0
github.com/nmarsollier/cartgo/tools/db/connection.go:28.2,28.22 1 0
github.com/nmarsollier/cartgo/tools/db/connection.go:32.34,33.47 1 0
github.com/nmarsollier/cartgo/tools/db/connection.go:33.47,35.3 1 0
github.com/nmarsollier/cartgo/tools/db/connection.go:39.39,40.48 1 0
github.com/nmarsollier/cartgo/tools/db/connection.go:40.48,41.46 1 0
github.com/nmarsollier/cartgo/tools/db/connection.go:41.46,42.41 1 0
github.com/nmarsollier/cartgo/tools/db/connection.go:42.41,44.5 1 0
github.com/nmarsollier/cartgo/tools/db/connection.go:47.2,47.14 1 0
github.com/nmarsollier/cartgo/tools/db/mongo_collection.go:19.71,23.2 1 0
github.com/nmarsollier/cartgo/tools/db/mongo_collection.go:29.97,30.85 1 0
github.com/nmarsollier/cartgo/tools/db/mongo_collection.go:30.85,32.3 1 0
github.com/nmarsollier/cartgo/tools/db/mongo_collection.go:33.2,33.12 1 0
github.com/nmarsollier/cartgo/tools/db/mongo_collection.go:36.110,38.16 2 0
github.com/nmarsollier/cartgo/tools/db/mongo_collection.go:38.16,40.3 1 0
github.com/nmarsollier/cartgo/tools/db/mongo_collection.go:41.2,41.35 1 0
github.com/nmarsollier/cartgo/tools/db/mongo_collection.go:44.128,46.16 2 0
github.com/nmarsollier/cartgo/tools/db/mongo_collection.go:46.16,48.3 1 0
github.com/nmarsollier/cartgo/tools/db/mongo_collection.go:49.2,49.38 1 0
github.com/nmarsollier/cartgo/tools/db/mongo_collection.go:52.134,54.16 2 0
github.com/nmarsollier/cartgo/tools/db/mongo_collection.go:54.16,56.3 1 0
github.com/nmarsollier/cartgo/tools/db/mongo_collection.go:57.2,57.38 1 0
github.com/nmarsollier/cartgo/tools/db/mongo_collection.go:60.97,62.16 2 0
github.com/nmarsollier/cartgo/tools/db/mongo_collection.go:62.16,64.3 1 0
github.com/nmarsollier/cartgo/tools/db/mongo_collection.go:65.2,65.36 1 0
github.com/nmarsollier/cartgo/tools/db/mongo_collection.go:74.50,78.2 1 0
github.com/nmarsollier/cartgo/tools/db/mongo_collection.go:84.56,86.2 1 0
github.com/nmarsollier/cartgo/tools/db/mongo_collection.go:88.54,90.2 1 0
github.com/nmarsollier/cartgo/tools/db/mongo_collection.go:91.53,93.2 1 0
github.com/nmarsollier/cartgo/tools/db/mongo_collection_mocks.go:26.75,30.2 3 0
github.com/nmarsollier/cartgo/tools/db/mongo_collection_mocks.go:33.73,35.2 1 0
github.com/nmarsollier/cartgo/tools/db/mongo_collection_mocks.go:38.89,43.2 4 0
github.com/nmarsollier/cartgo/tools/db/mongo_collection_mocks.go:46.93,49.2 2 0
github.com/nmarsollier/cartgo/tools/db/mongo_collection_mocks.go:52.105,58.2 5 0
github.com/nmarsollier/cartgo/tools/db/mongo_collection_mocks.go:61.94,64.2 2 0
github.com/nmarsollier/cartgo/tools/db/mongo_collection_mocks.go:67.111,73.2 5 0
github.com/nmarsollier/cartgo/tools/db/mongo_collection_mocks.go:76.106,79.2 2 0
github.com/nmarsollier/cartgo/tools/db/mongo_collection_mocks.go:82.105,88.2 5 0
github.com/nmarsollier/cartgo/tools/db/mongo_collection_mocks.go:91.100,94.2 2 0
github.com/nmarsollier/cartgo/tools/db/mongo_collection_mocks.go:108.57,112.2 3 0
github.com/nmarsollier/cartgo/tools/db/mongo_collection_mocks.go:115.55,117.2 1 0
github.com/nmarsollier/cartgo/tools/db/mongo_collection_mocks.go:120.55,125.2 4 0
github.com/nmarsollier/cartgo/tools/db/mongo_collection_mocks.go:128.71,131.2 2 0
github.com/nmarsollier/cartgo/tools/db/mongo_collection_mocks.go:134.52,139.2 4 0
github.com/nmarsollier/cartgo/tools/db/mongo_collection_mocks.go:142.72,145.2 2 0
github.com/nmarsollier/cartgo/tools/db/mongo_collection_mocks.go:148.53,153.2 4 0
github.com/nmarsollier/cartgo/tools/db/mongo_collection_mocks.go:156.70,159.2 2 0
github.com/nmarsollier/cartgo/tools/db/test_tools.go:17.80,19.72 1 0
github.com/nmarsollier/cartgo/tools/db/test_tools.go:19.72,21.4 1 0
github.com/nmarsollier/cartgo/tools/db/test_tools.go:25.83,27.2 1 0
github.com/nmarsollier/cartgo/tools/db/test_tools.go:29.82,31.2 1 0
github.com/nmarsollier/cartgo/tools/db/test_tools.go:33.70,35.2 1 0
