mode: set
github.com/nmarsollier/cartgo/internal/di/injector.go:50.48,54.2 1 0
github.com/nmarsollier/cartgo/internal/di/injector.go:56.41,58.2 1 0
github.com/nmarsollier/cartgo/internal/di/injector.go:60.43,61.27 1 0
github.com/nmarsollier/cartgo/internal/di/injector.go:61.27,63.3 1 0
github.com/nmarsollier/cartgo/internal/di/injector.go:65.2,65.21 1 0
github.com/nmarsollier/cartgo/internal/di/injector.go:65.21,67.3 1 0
github.com/nmarsollier/cartgo/internal/di/injector.go:69.2,70.16 2 0
github.com/nmarsollier/cartgo/internal/di/injector.go:70.16,73.3 2 0
github.com/nmarsollier/cartgo/internal/di/injector.go:75.2,75.17 1 0
github.com/nmarsollier/cartgo/internal/di/injector.go:78.46,79.29 1 0
github.com/nmarsollier/cartgo/internal/di/injector.go:79.29,81.3 1 0
github.com/nmarsollier/cartgo/internal/di/injector.go:83.2,83.23 1 0
github.com/nmarsollier/cartgo/internal/di/injector.go:83.23,85.3 1 0
github.com/nmarsollier/cartgo/internal/di/injector.go:87.2,88.19 2 0
github.com/nmarsollier/cartgo/internal/di/injector.go:91.65,92.26 1 0
github.com/nmarsollier/cartgo/internal/di/injector.go:92.26,94.3 1 0
github.com/nmarsollier/cartgo/internal/di/injector.go:95.2,96.22 2 0
github.com/nmarsollier/cartgo/internal/di/injector.go:99.59,100.25 1 0
github.com/nmarsollier/cartgo/internal/di/injector.go:100.25,102.3 1 0
github.com/nmarsollier/cartgo/internal/di/injector.go:103.2,104.21 2 0
github.com/nmarsollier/cartgo/internal/di/injector.go:107.47,108.27 1 0
github.com/nmarsollier/cartgo/internal/di/injector.go:108.27,110.3 1 0
github.com/nmarsollier/cartgo/internal/di/injector.go:112.2,112.27 1 0
github.com/nmarsollier/cartgo/internal/di/injector.go:112.27,114.3 1 0
github.com/nmarsollier/cartgo/internal/di/injector.go:116.2,117.16 2 0
github.com/nmarsollier/cartgo/internal/di/injector.go:117.16,120.3 2 0
github.com/nmarsollier/cartgo/internal/di/injector.go:121.2,121.23 1 0
github.com/nmarsollier/cartgo/internal/di/injector.go:124.53,125.27 1 0
github.com/nmarsollier/cartgo/internal/di/injector.go:125.27,127.3 1 0
github.com/nmarsollier/cartgo/internal/di/injector.go:128.2,129.23 2 0
github.com/nmarsollier/cartgo/internal/di/injector.go:132.47,133.26 1 0
github.com/nmarsollier/cartgo/internal/di/injector.go:133.26,135.3 1 0
github.com/nmarsollier/cartgo/internal/di/injector.go:136.2,137.22 2 0
github.com/nmarsollier/cartgo/internal/di/injector.go:140.43,141.26 1 0
github.com/nmarsollier/cartgo/internal/di/injector.go:141.26,143.3 1 0
github.com/nmarsollier/cartgo/internal/di/injector.go:144.2,152.22 2 0
github.com/nmarsollier/cartgo/internal/di/injector.go:155.81,156.31 1 0
github.com/nmarsollier/cartgo/internal/di/injector.go:156.31,158.3 1 0
github.com/nmarsollier/cartgo/internal/di/injector.go:160.2,168.27 2 0
github.com/nmarsollier/cartgo/internal/di/injector.go:171.68,173.31 1 0
github.com/nmarsollier/cartgo/internal/di/injector.go:173.31,175.3 1 0
github.com/nmarsollier/cartgo/internal/di/injector.go:177.2,185.27 2 0
github.com/nmarsollier/cartgo/internal/di/injector.go:189.34,190.47 1 0
github.com/nmarsollier/cartgo/internal/di/injector.go:190.47,193.3 2 0
