mode: set
github.com/nmarsollier/cartgo/graph/resolvers/add_article.go:10.84,12.16 2 0
github.com/nmarsollier/cartgo/graph/resolvers/add_article.go:12.16,14.3 1 0
github.com/nmarsollier/cartgo/graph/resolvers/add_article.go:16.2,19.16 3 0
github.com/nmarsollier/cartgo/graph/resolvers/add_article.go:19.16,21.3 1 0
github.com/nmarsollier/cartgo/graph/resolvers/add_article.go:23.2,23.18 1 0
github.com/nmarsollier/cartgo/graph/resolvers/checkout.go:10.58,12.16 2 0
github.com/nmarsollier/cartgo/graph/resolvers/checkout.go:12.16,14.3 1 0
github.com/nmarsollier/cartgo/graph/resolvers/checkout.go:15.2,20.16 4 0
github.com/nmarsollier/cartgo/graph/resolvers/checkout.go:20.16,22.3 1 0
github.com/nmarsollier/cartgo/graph/resolvers/checkout.go:23.2,23.18 1 0
github.com/nmarsollier/cartgo/graph/resolvers/current_cart.go:11.68,15.16 3 0
github.com/nmarsollier/cartgo/graph/resolvers/current_cart.go:15.16,17.3 1 0
github.com/nmarsollier/cartgo/graph/resolvers/current_cart.go:19.2,20.16 2 0
github.com/nmarsollier/cartgo/graph/resolvers/current_cart.go:20.16,22.3 1 0
github.com/nmarsollier/cartgo/graph/resolvers/current_cart.go:24.2,24.31 1 0
github.com/nmarsollier/cartgo/graph/resolvers/decrement.go:10.84,12.16 2 0
github.com/nmarsollier/cartgo/graph/resolvers/decrement.go:12.16,14.3 1 0
github.com/nmarsollier/cartgo/graph/resolvers/decrement.go:16.2,19.16 3 0
github.com/nmarsollier/cartgo/graph/resolvers/decrement.go:19.16,21.3 1 0
github.com/nmarsollier/cartgo/graph/resolvers/decrement.go:23.2,23.18 1 0
github.com/nmarsollier/cartgo/graph/resolvers/find_cart.go:11.72,15.16 3 0
github.com/nmarsollier/cartgo/graph/resolvers/find_cart.go:15.16,17.3 1 0
github.com/nmarsollier/cartgo/graph/resolvers/find_cart.go:19.2,21.16 2 0
github.com/nmarsollier/cartgo/graph/resolvers/find_cart.go:21.16,23.3 1 0
github.com/nmarsollier/cartgo/graph/resolvers/find_cart.go:25.2,25.31 1 0
github.com/nmarsollier/cartgo/graph/resolvers/increment.go:10.84,12.16 2 0
github.com/nmarsollier/cartgo/graph/resolvers/increment.go:12.16,14.3 1 0
github.com/nmarsollier/cartgo/graph/resolvers/increment.go:16.2,19.16 3 0
github.com/nmarsollier/cartgo/graph/resolvers/increment.go:19.16,21.3 1 0
github.com/nmarsollier/cartgo/graph/resolvers/increment.go:23.2,23.18 1 0
github.com/nmarsollier/cartgo/graph/resolvers/mappers.go:8.47,10.24 2 0
github.com/nmarsollier/cartgo/graph/resolvers/mappers.go:10.24,12.3 1 0
github.com/nmarsollier/cartgo/graph/resolvers/mappers.go:14.2,15.23 2 0
github.com/nmarsollier/cartgo/graph/resolvers/mappers.go:15.23,17.3 1 0
github.com/nmarsollier/cartgo/graph/resolvers/mappers.go:19.2,27.3 1 0
github.com/nmarsollier/cartgo/graph/resolvers/mappers.go:30.69,32.29 2 0
github.com/nmarsollier/cartgo/graph/resolvers/mappers.go:32.29,34.35 2 0
github.com/nmarsollier/cartgo/graph/resolvers/mappers.go:34.35,36.4 1 0
github.com/nmarsollier/cartgo/graph/resolvers/mappers.go:38.3,44.4 1 0
github.com/nmarsollier/cartgo/graph/resolvers/mappers.go:46.2,46.15 1 0
github.com/nmarsollier/cartgo/graph/resolvers/remove.go:10.81,12.16 2 0
github.com/nmarsollier/cartgo/graph/resolvers/remove.go:12.16,14.3 1 0
github.com/nmarsollier/cartgo/graph/resolvers/remove.go:16.2,19.16 3 0
github.com/nmarsollier/cartgo/graph/resolvers/remove.go:19.16,21.3 1 0
github.com/nmarsollier/cartgo/graph/resolvers/remove.go:23.2,23.18 1 0
github.com/nmarsollier/cartgo/graph/resolvers/validate.go:11.62,13.16 2 0
github.com/nmarsollier/cartgo/graph/resolvers/validate.go:13.16,15.3 1 0
github.com/nmarsollier/cartgo/graph/resolvers/validate.go:16.2,21.16 4 0
github.com/nmarsollier/cartgo/graph/resolvers/validate.go:21.16,24.3 1 0
github.com/nmarsollier/cartgo/graph/resolvers/validate.go:26.2,27.16 2 0
github.com/nmarsollier/cartgo/graph/resolvers/validate.go:27.16,30.3 1 0
github.com/nmarsollier/cartgo/graph/resolvers/validate.go:32.2,32.18 1 0
