mode: set
github.com/nmarsollier/cartgo/internal/env/env.go:22.27,33.2 1 0
github.com/nmarsollier/cartgo/internal/env/env.go:36.27,37.19 1 0
github.com/nmarsollier/cartgo/internal/env/env.go:37.19,39.3 1 0
github.com/nmarsollier/cartgo/internal/env/env.go:41.2,41.15 1 0
github.com/nmarsollier/cartgo/internal/env/env.go:45.28,48.55 2 0
github.com/nmarsollier/cartgo/internal/env/env.go:48.55,50.3 1 0
github.com/nmarsollier/cartgo/internal/env/env.go:52.2,52.54 1 0
github.com/nmarsollier/cartgo/internal/env/env.go:52.54,54.3 1 0
github.com/nmarsollier/cartgo/internal/env/env.go:56.2,56.53 1 0
github.com/nmarsollier/cartgo/internal/env/env.go:56.53,58.3 1 0
github.com/nmarsollier/cartgo/internal/env/env.go:60.2,60.48 1 0
github.com/nmarsollier/cartgo/internal/env/env.go:60.48,61.53 1 0
github.com/nmarsollier/cartgo/internal/env/env.go:61.53,63.4 1 0
github.com/nmarsollier/cartgo/internal/env/env.go:66.2,66.52 1 0
github.com/nmarsollier/cartgo/internal/env/env.go:66.52,67.53 1 0
github.com/nmarsollier/cartgo/internal/env/env.go:67.53,69.4 1 0
github.com/nmarsollier/cartgo/internal/env/env.go:72.2,72.60 1 0
github.com/nmarsollier/cartgo/internal/env/env.go:72.60,74.3 1 0
github.com/nmarsollier/cartgo/internal/env/env.go:76.2,76.54 1 0
github.com/nmarsollier/cartgo/internal/env/env.go:76.54,78.3 1 0
github.com/nmarsollier/cartgo/internal/env/env.go:80.2,80.63 1 0
github.com/nmarsollier/cartgo/internal/env/env.go:80.63,82.3 1 0
github.com/nmarsollier/cartgo/internal/env/env.go:84.2,84.15 1 0
