mode: set
github.com/nmarsollier/cartgo/cart/dao.go:16.61,20.2 1 1
github.com/nmarsollier/cartgo/cart/dao.go:26.67,27.24 1 1
github.com/nmarsollier/cartgo/cart/dao.go:27.24,28.33 1 1
github.com/nmarsollier/cartgo/cart/dao.go:28.33,30.4 1 1
github.com/nmarsollier/cartgo/cart/dao.go:33.2,33.23 1 0
github.com/nmarsollier/cartgo/cart/dao.go:33.23,35.3 1 0
github.com/nmarsollier/cartgo/cart/dao.go:37.2,38.16 2 0
github.com/nmarsollier/cartgo/cart/dao.go:38.16,41.3 2 0
github.com/nmarsollier/cartgo/cart/dao.go:43.2,46.24 3 0
github.com/nmarsollier/cartgo/cart/dao.go:49.35,58.2 1 0
github.com/nmarsollier/cartgo/cart/dao.go:66.69,68.16 2 1
github.com/nmarsollier/cartgo/cart/dao.go:68.16,71.3 2 0
github.com/nmarsollier/cartgo/cart/dao.go:73.2,79.78 3 1
github.com/nmarsollier/cartgo/cart/dao.go:79.78,81.3 1 0
github.com/nmarsollier/cartgo/cart/dao.go:83.2,83.18 1 1
github.com/nmarsollier/cartgo/cart/dao.go:87.65,89.16 2 1
github.com/nmarsollier/cartgo/cart/dao.go:89.16,92.3 2 0
github.com/nmarsollier/cartgo/cart/dao.go:94.2,95.16 2 1
github.com/nmarsollier/cartgo/cart/dao.go:95.16,98.3 2 0
github.com/nmarsollier/cartgo/cart/dao.go:100.2,103.78 3 1
github.com/nmarsollier/cartgo/cart/dao.go:103.78,106.3 2 0
github.com/nmarsollier/cartgo/cart/dao.go:108.2,108.18 1 1
github.com/nmarsollier/cartgo/cart/dao.go:111.60,112.46 1 0
github.com/nmarsollier/cartgo/cart/dao.go:112.46,115.3 2 0
github.com/nmarsollier/cartgo/cart/dao.go:117.2,118.16 2 0
github.com/nmarsollier/cartgo/cart/dao.go:118.16,121.3 2 0
github.com/nmarsollier/cartgo/cart/dao.go:123.2,123.76 1 0
github.com/nmarsollier/cartgo/cart/dao.go:123.76,126.3 2 0
github.com/nmarsollier/cartgo/cart/dao.go:128.2,128.18 1 0
github.com/nmarsollier/cartgo/cart/dao.go:131.61,132.46 1 1
github.com/nmarsollier/cartgo/cart/dao.go:132.46,135.3 2 0
github.com/nmarsollier/cartgo/cart/dao.go:137.2,138.16 2 1
github.com/nmarsollier/cartgo/cart/dao.go:138.16,141.3 2 0
github.com/nmarsollier/cartgo/cart/dao.go:143.2,144.16 2 1
github.com/nmarsollier/cartgo/cart/dao.go:144.16,147.3 2 0
github.com/nmarsollier/cartgo/cart/dao.go:149.2,149.18 1 1
github.com/nmarsollier/cartgo/cart/dao.go:152.64,153.46 1 0
github.com/nmarsollier/cartgo/cart/dao.go:153.46,156.3 2 0
github.com/nmarsollier/cartgo/cart/dao.go:158.2,159.16 2 0
github.com/nmarsollier/cartgo/cart/dao.go:159.16,162.3 2 0
github.com/nmarsollier/cartgo/cart/dao.go:164.2,173.18 3 0
github.com/nmarsollier/cartgo/cart/schema.go:22.39,24.2 1 1
github.com/nmarsollier/cartgo/cart/service.go:3.68,5.16 2 0
github.com/nmarsollier/cartgo/cart/service.go:5.16,6.53 1 0
github.com/nmarsollier/cartgo/cart/service.go:6.53,9.4 1 0
github.com/nmarsollier/cartgo/cart/service.go:11.3,13.17 3 0
github.com/nmarsollier/cartgo/cart/service.go:13.17,15.4 1 0
github.com/nmarsollier/cartgo/cart/service.go:18.2,18.18 1 0
github.com/nmarsollier/cartgo/cart/service.go:26.95,28.16 2 0
github.com/nmarsollier/cartgo/cart/service.go:28.16,30.3 1 0
github.com/nmarsollier/cartgo/cart/service.go:32.2,40.34 3 0
github.com/nmarsollier/cartgo/cart/service.go:40.34,41.39 1 0
github.com/nmarsollier/cartgo/cart/service.go:41.39,44.4 2 0
github.com/nmarsollier/cartgo/cart/service.go:48.2,48.12 1 0
github.com/nmarsollier/cartgo/cart/service.go:48.12,50.3 1 0
github.com/nmarsollier/cartgo/cart/service.go:52.2,53.34 2 0
github.com/nmarsollier/cartgo/cart/service.go:53.34,54.21 1 0
github.com/nmarsollier/cartgo/cart/service.go:54.21,56.4 1 0
github.com/nmarsollier/cartgo/cart/service.go:58.2,61.16 3 0
github.com/nmarsollier/cartgo/cart/service.go:61.16,63.3 1 0
github.com/nmarsollier/cartgo/cart/service.go:65.2,65.18 1 0
github.com/nmarsollier/cartgo/cart/service.go:68.88,70.16 2 0
github.com/nmarsollier/cartgo/cart/service.go:70.16,72.3 1 0
github.com/nmarsollier/cartgo/cart/service.go:74.2,75.34 2 0
github.com/nmarsollier/cartgo/cart/service.go:75.34,76.31 1 0
github.com/nmarsollier/cartgo/cart/service.go:76.31,78.4 1 0
github.com/nmarsollier/cartgo/cart/service.go:80.2,83.16 3 0
github.com/nmarsollier/cartgo/cart/service.go:83.16,85.3 1 0
github.com/nmarsollier/cartgo/cart/service.go:87.2,87.18 1 0
github.com/nmarsollier/cartgo/cart/service.go:90.75,92.16 2 0
github.com/nmarsollier/cartgo/cart/service.go:92.16,94.3 1 0
github.com/nmarsollier/cartgo/cart/service.go:96.2,96.18 1 0
github.com/nmarsollier/cartgo/cart/service.go:105.74,107.16 2 1
github.com/nmarsollier/cartgo/cart/service.go:107.16,109.3 1 0
github.com/nmarsollier/cartgo/cart/service.go:111.2,111.34 1 1
github.com/nmarsollier/cartgo/cart/service.go:111.34,112.36 1 1
github.com/nmarsollier/cartgo/cart/service.go:112.36,115.4 2 0
github.com/nmarsollier/cartgo/cart/service.go:118.2,119.16 2 1
github.com/nmarsollier/cartgo/cart/service.go:119.16,121.3 1 0
github.com/nmarsollier/cartgo/cart/service.go:123.2,123.12 1 1
github.com/nmarsollier/cartgo/cart/service.go:132.75,134.16 2 1
github.com/nmarsollier/cartgo/cart/service.go:134.16,136.3 1 0
github.com/nmarsollier/cartgo/cart/service.go:138.2,140.16 3 1
github.com/nmarsollier/cartgo/cart/service.go:140.16,142.3 1 0
github.com/nmarsollier/cartgo/cart/service.go:144.2,144.12 1 1
github.com/nmarsollier/cartgo/rabbit/r_consume/consume_cart.go:12.28,14.16 2 0
github.com/nmarsollier/cartgo/rabbit/r_consume/consume_cart.go:14.16,17.3 2 0
github.com/nmarsollier/cartgo/rabbit/r_consume/consume_cart.go:18.2,21.16 3 0
github.com/nmarsollier/cartgo/rabbit/r_consume/consume_cart.go:21.16,24.3 2 0
github.com/nmarsollier/cartgo/rabbit/r_consume/consume_cart.go:25.2,36.16 3 0
github.com/nmarsollier/cartgo/rabbit/r_consume/consume_cart.go:36.16,39.3 2 0
github.com/nmarsollier/cartgo/rabbit/r_consume/consume_cart.go:41.2,49.16 2 0
github.com/nmarsollier/cartgo/rabbit/r_consume/consume_cart.go:49.16,52.3 2 0
github.com/nmarsollier/cartgo/rabbit/r_consume/consume_cart.go:54.2,60.16 2 0
github.com/nmarsollier/cartgo/rabbit/r_consume/consume_cart.go:60.16,63.3 2 0
github.com/nmarsollier/cartgo/rabbit/r_consume/consume_cart.go:65.2,74.16 2 0
github.com/nmarsollier/cartgo/rabbit/r_consume/consume_cart.go:74.16,77.3 2 0
github.com/nmarsollier/cartgo/rabbit/r_consume/consume_cart.go:79.2,81.12 2 0
github.com/nmarsollier/cartgo/rabbit/r_consume/consume_cart.go:81.12,82.22 1 0
github.com/nmarsollier/cartgo/rabbit/r_consume/consume_cart.go:82.22,88.18 5 0
github.com/nmarsollier/cartgo/rabbit/r_consume/consume_cart.go:88.18,89.28 1 0
github.com/nmarsollier/cartgo/rabbit/r_consume/consume_cart.go:90.26,92.65 2 0
github.com/nmarsollier/cartgo/rabbit/r_consume/consume_cart.go:92.65,95.7 2 0
github.com/nmarsollier/cartgo/rabbit/r_consume/consume_cart.go:97.6,97.40 1 0
github.com/nmarsollier/cartgo/rabbit/r_consume/consume_cart.go:99.10,101.5 1 0
github.com/nmarsollier/cartgo/rabbit/r_consume/consume_cart.go:105.2,107.12 2 0
github.com/nmarsollier/cartgo/rabbit/r_consume/consume_cart.go:120.84,124.16 3 1
github.com/nmarsollier/cartgo/rabbit/r_consume/consume_cart.go:124.16,127.3 2 0
github.com/nmarsollier/cartgo/rabbit/r_consume/consume_cart.go:129.2,129.47 1 1
github.com/nmarsollier/cartgo/rabbit/r_consume/consume_logout.go:26.28,28.16 2 0
github.com/nmarsollier/cartgo/rabbit/r_consume/consume_logout.go:28.16,31.3 2 0
github.com/nmarsollier/cartgo/rabbit/r_consume/consume_logout.go:32.2,35.16 3 0
github.com/nmarsollier/cartgo/rabbit/r_consume/consume_logout.go:35.16,38.3 2 0
github.com/nmarsollier/cartgo/rabbit/r_consume/consume_logout.go:39.2,50.16 3 0
github.com/nmarsollier/cartgo/rabbit/r_consume/consume_logout.go:50.16,53.3 2 0
github.com/nmarsollier/cartgo/rabbit/r_consume/consume_logout.go:55.2,63.16 2 0
github.com/nmarsollier/cartgo/rabbit/r_consume/consume_logout.go:63.16,66.3 2 0
github.com/nmarsollier/cartgo/rabbit/r_consume/consume_logout.go:68.2,74.16 2 0
github.com/nmarsollier/cartgo/rabbit/r_consume/consume_logout.go:74.16,77.3 2 0
github.com/nmarsollier/cartgo/rabbit/r_consume/consume_logout.go:79.2,88.16 2 0
github.com/nmarsollier/cartgo/rabbit/r_consume/consume_logout.go:88.16,91.3 2 0
github.com/nmarsollier/cartgo/rabbit/r_consume/consume_logout.go:93.2,95.12 2 0
github.com/nmarsollier/cartgo/rabbit/r_consume/consume_logout.go:95.12,96.22 1 0
github.com/nmarsollier/cartgo/rabbit/r_consume/consume_logout.go:96.22,102.18 5 0
github.com/nmarsollier/cartgo/rabbit/r_consume/consume_logout.go:102.18,103.36 1 0
github.com/nmarsollier/cartgo/rabbit/r_consume/consume_logout.go:103.36,105.6 1 0
github.com/nmarsollier/cartgo/rabbit/r_consume/consume_logout.go:106.10,108.5 1 0
github.com/nmarsollier/cartgo/rabbit/r_consume/consume_logout.go:112.2,114.12 2 0
github.com/nmarsollier/cartgo/rabbit/r_consume/consume_order_placed.go:13.33,15.16 2 0
github.com/nmarsollier/cartgo/rabbit/r_consume/consume_order_placed.go:15.16,18.3 2 0
github.com/nmarsollier/cartgo/rabbit/r_consume/consume_order_placed.go:19.2,22.16 3 0
github.com/nmarsollier/cartgo/rabbit/r_consume/consume_order_placed.go:22.16,25.3 2 0
github.com/nmarsollier/cartgo/rabbit/r_consume/consume_order_placed.go:26.2,37.16 3 0
github.com/nmarsollier/cartgo/rabbit/r_consume/consume_order_placed.go:37.16,40.3 2 0
github.com/nmarsollier/cartgo/rabbit/r_consume/consume_order_placed.go:42.2,50.16 2 0
github.com/nmarsollier/cartgo/rabbit/r_consume/consume_order_placed.go:50.16,53.3 2 0
github.com/nmarsollier/cartgo/rabbit/r_consume/consume_order_placed.go:55.2,61.16 2 0
github.com/nmarsollier/cartgo/rabbit/r_consume/consume_order_placed.go:61.16,64.3 2 0
github.com/nmarsollier/cartgo/rabbit/r_consume/consume_order_placed.go:66.2,75.16 2 0
github.com/nmarsollier/cartgo/rabbit/r_consume/consume_order_placed.go:75.16,78.3 2 0
github.com/nmarsollier/cartgo/rabbit/r_consume/consume_order_placed.go:80.2,82.12 2 0
github.com/nmarsollier/cartgo/rabbit/r_consume/consume_order_placed.go:82.12,83.22 1 0
github.com/nmarsollier/cartgo/rabbit/r_consume/consume_order_placed.go:83.22,89.18 5 0
github.com/nmarsollier/cartgo/rabbit/r_consume/consume_order_placed.go:89.18,90.28 1 0
github.com/nmarsollier/cartgo/rabbit/r_consume/consume_order_placed.go:91.25,93.65 2 0
github.com/nmarsollier/cartgo/rabbit/r_consume/consume_order_placed.go:93.65,96.7 2 0
github.com/nmarsollier/cartgo/rabbit/r_consume/consume_order_placed.go:98.6,98.40 1 0
github.com/nmarsollier/cartgo/rabbit/r_consume/consume_order_placed.go:100.10,102.5 1 0
github.com/nmarsollier/cartgo/rabbit/r_consume/consume_order_placed.go:106.2,108.12 2 0
github.com/nmarsollier/cartgo/rabbit/r_consume/consume_order_placed.go:121.84,125.16 3 1
github.com/nmarsollier/cartgo/rabbit/r_consume/consume_order_placed.go:125.16,128.3 2 0
github.com/nmarsollier/cartgo/rabbit/r_consume/consume_order_placed.go:130.2,130.54 1 1
github.com/nmarsollier/cartgo/rabbit/r_consume/listeners.go:9.13,10.12 1 0
github.com/nmarsollier/cartgo/rabbit/r_consume/listeners.go:10.12,11.7 1 0
github.com/nmarsollier/cartgo/rabbit/r_consume/listeners.go:11.7,13.18 2 0
github.com/nmarsollier/cartgo/rabbit/r_consume/listeners.go:13.18,15.5 1 0
github.com/nmarsollier/cartgo/rabbit/r_consume/listeners.go:16.4,17.31 2 0
github.com/nmarsollier/cartgo/rabbit/r_consume/listeners.go:21.2,21.12 1 0
github.com/nmarsollier/cartgo/rabbit/r_consume/listeners.go:21.12,22.7 1 0
github.com/nmarsollier/cartgo/rabbit/r_consume/listeners.go:22.7,24.18 2 0
github.com/nmarsollier/cartgo/rabbit/r_consume/listeners.go:24.18,26.5 1 0
github.com/nmarsollier/cartgo/rabbit/r_consume/listeners.go:27.4,28.31 2 0
github.com/nmarsollier/cartgo/rabbit/r_consume/listeners.go:32.2,32.12 1 0
github.com/nmarsollier/cartgo/rabbit/r_consume/listeners.go:32.12,33.7 1 0
github.com/nmarsollier/cartgo/rabbit/r_consume/listeners.go:33.7,35.18 2 0
github.com/nmarsollier/cartgo/rabbit/r_consume/listeners.go:35.18,37.5 1 0
github.com/nmarsollier/cartgo/rabbit/r_consume/listeners.go:38.4,39.31 2 0
github.com/nmarsollier/cartgo/rabbit/r_emit/common.go:14.60,15.24 1 0
github.com/nmarsollier/cartgo/rabbit/r_emit/common.go:15.24,16.38 1 0
github.com/nmarsollier/cartgo/rabbit/r_emit/common.go:16.38,18.4 1 0
github.com/nmarsollier/cartgo/rabbit/r_emit/common.go:21.2,22.16 2 0
github.com/nmarsollier/cartgo/rabbit/r_emit/common.go:22.16,25.3 2 0
github.com/nmarsollier/cartgo/rabbit/r_emit/common.go:27.2,28.16 2 0
github.com/nmarsollier/cartgo/rabbit/r_emit/common.go:28.16,31.3 2 0
github.com/nmarsollier/cartgo/rabbit/r_emit/common.go:33.2,33.40 1 0
github.com/nmarsollier/cartgo/rabbit/r_emit/rabbit_channel.go:17.9,27.2 1 0
github.com/nmarsollier/cartgo/rabbit/r_emit/rabbit_channel.go:32.9,41.2 1 0
github.com/nmarsollier/cartgo/rabbit/r_emit/rabbit_channel_mocks.go:25.71,29.2 3 0
github.com/nmarsollier/cartgo/rabbit/r_emit/rabbit_channel_mocks.go:32.69,34.2 1 0
github.com/nmarsollier/cartgo/rabbit/r_emit/rabbit_channel_mocks.go:37.72,42.2 4 0
github.com/nmarsollier/cartgo/rabbit/r_emit/rabbit_channel_mocks.go:45.97,48.2 2 0
github.com/nmarsollier/cartgo/rabbit/r_emit/rabbit_channel_mocks.go:51.85,56.2 4 0
github.com/nmarsollier/cartgo/rabbit/r_emit/rabbit_channel_mocks.go:59.103,62.2 2 0
github.com/nmarsollier/cartgo/rabbit/r_emit/send_article_validation.go:19.82,29.16 3 0
github.com/nmarsollier/cartgo/rabbit/r_emit/send_article_validation.go:29.16,33.3 3 0
github.com/nmarsollier/cartgo/rabbit/r_emit/send_article_validation.go:35.2,39.16 2 0
github.com/nmarsollier/cartgo/rabbit/r_emit/send_article_validation.go:39.16,43.3 3 0
github.com/nmarsollier/cartgo/rabbit/r_emit/send_article_validation.go:45.2,46.16 2 0
github.com/nmarsollier/cartgo/rabbit/r_emit/send_article_validation.go:46.16,49.3 2 0
github.com/nmarsollier/cartgo/rabbit/r_emit/send_article_validation.go:51.2,56.16 2 0
github.com/nmarsollier/cartgo/rabbit/r_emit/send_article_validation.go:56.16,60.3 3 0
github.com/nmarsollier/cartgo/rabbit/r_emit/send_article_validation.go:62.2,64.12 2 0
github.com/nmarsollier/cartgo/rabbit/r_emit/send_place_order.go:20.64,22.34 2 0
github.com/nmarsollier/cartgo/rabbit/r_emit/send_place_order.go:22.34,27.3 1 0
github.com/nmarsollier/cartgo/rabbit/r_emit/send_place_order.go:29.2,43.16 4 0
github.com/nmarsollier/cartgo/rabbit/r_emit/send_place_order.go:43.16,47.3 3 0
github.com/nmarsollier/cartgo/rabbit/r_emit/send_place_order.go:49.2,53.16 2 0
github.com/nmarsollier/cartgo/rabbit/r_emit/send_place_order.go:53.16,57.3 3 0
github.com/nmarsollier/cartgo/rabbit/r_emit/send_place_order.go:59.2,60.16 2 0
github.com/nmarsollier/cartgo/rabbit/r_emit/send_place_order.go:60.16,63.3 2 0
github.com/nmarsollier/cartgo/rabbit/r_emit/send_place_order.go:65.2,70.16 2 0
github.com/nmarsollier/cartgo/rabbit/r_emit/send_place_order.go:70.16,74.3 3 0
github.com/nmarsollier/cartgo/rabbit/r_emit/send_place_order.go:76.2,77.12 2 0
github.com/nmarsollier/cartgo/security/dao.go:17.42,18.24 1 0
github.com/nmarsollier/cartgo/security/dao.go:18.24,19.36 1 0
github.com/nmarsollier/cartgo/security/dao.go:19.36,21.4 1 0
github.com/nmarsollier/cartgo/security/dao.go:24.2,24.23 1 0
github.com/nmarsollier/cartgo/security/dao.go:30.67,32.2 1 0
github.com/nmarsollier/cartgo/security/dao.go:34.50,37.16 2 0
github.com/nmarsollier/cartgo/security/dao.go:37.16,40.3 2 0
github.com/nmarsollier/cartgo/security/dao.go:41.2,43.42 3 0
github.com/nmarsollier/cartgo/security/dao.go:43.42,46.3 2 0
github.com/nmarsollier/cartgo/security/dao.go:47.2,51.16 4 0
github.com/nmarsollier/cartgo/security/dao.go:51.16,54.3 2 0
github.com/nmarsollier/cartgo/security/dao.go:56.2,57.46 2 0
github.com/nmarsollier/cartgo/security/dao.go:57.46,60.3 2 0
github.com/nmarsollier/cartgo/security/dao.go:61.2,61.18 1 0
github.com/nmarsollier/cartgo/security/dao_mocks.go:25.67,29.2 3 0
github.com/nmarsollier/cartgo/security/dao_mocks.go:32.65,34.2 1 0
github.com/nmarsollier/cartgo/security/dao_mocks.go:37.71,43.2 5 0
github.com/nmarsollier/cartgo/security/dao_mocks.go:46.87,49.2 2 0
github.com/nmarsollier/cartgo/security/service.go:22.64,24.39 1 0
github.com/nmarsollier/cartgo/security/service.go:24.39,25.36 1 0
github.com/nmarsollier/cartgo/security/service.go:25.36,27.4 1 0
github.com/nmarsollier/cartgo/security/service.go:30.2,31.16 2 0
github.com/nmarsollier/cartgo/security/service.go:31.16,34.3 2 0
github.com/nmarsollier/cartgo/security/service.go:37.2,39.18 2 0
github.com/nmarsollier/cartgo/security/service.go:43.31,44.21 1 0
github.com/nmarsollier/cartgo/security/service.go:44.21,47.3 2 0
github.com/nmarsollier/cartgo/security/service.go:49.2,50.40 2 0
github.com/nmarsollier/cartgo/tools/apperr/rest_error.go:19.57,24.2 1 1
github.com/nmarsollier/cartgo/tools/apperr/rest_error.go:40.36,42.2 1 0
github.com/nmarsollier/cartgo/tools/apperr/rest_error.go:45.34,47.2 1 0
github.com/nmarsollier/cartgo/tools/apperr/validation.go:17.33,21.2 1 1
github.com/nmarsollier/cartgo/tools/apperr/validation.go:27.40,29.16 2 0
github.com/nmarsollier/cartgo/tools/apperr/validation.go:29.16,32.3 2 0
github.com/nmarsollier/cartgo/tools/apperr/validation.go:33.2,33.21 1 0
github.com/nmarsollier/cartgo/tools/apperr/validation.go:37.69,44.2 3 1
github.com/nmarsollier/cartgo/tools/apperr/validation.go:47.36,49.2 1 0
github.com/nmarsollier/cartgo/tools/db/connection.go:16.37,17.21 1 0
github.com/nmarsollier/cartgo/tools/db/connection.go:17.21,21.17 3 0
github.com/nmarsollier/cartgo/tools/db/connection.go:21.17,24.4 2 0
github.com/nmarsollier/cartgo/tools/db/connection.go:26.3,26.40 1 0
github.com/nmarsollier/cartgo/tools/db/connection.go:28.2,28.22 1 0
github.com/nmarsollier/cartgo/tools/db/connection.go:32.34,33.47 1 0
github.com/nmarsollier/cartgo/tools/db/connection.go:33.47,35.3 1 0
github.com/nmarsollier/cartgo/tools/db/connection.go:39.39,40.48 1 0
github.com/nmarsollier/cartgo/tools/db/connection.go:40.48,41.46 1 0
github.com/nmarsollier/cartgo/tools/db/connection.go:41.46,42.41 1 0
github.com/nmarsollier/cartgo/tools/db/connection.go:42.41,44.5 1 0
github.com/nmarsollier/cartgo/tools/db/connection.go:47.2,47.14 1 0
github.com/nmarsollier/cartgo/tools/db/mongo_collection.go:19.71,23.2 1 0
github.com/nmarsollier/cartgo/tools/db/mongo_collection.go:29.97,30.85 1 0
github.com/nmarsollier/cartgo/tools/db/mongo_collection.go:30.85,32.3 1 0
github.com/nmarsollier/cartgo/tools/db/mongo_collection.go:33.2,33.12 1 0
github.com/nmarsollier/cartgo/tools/db/mongo_collection.go:36.110,38.16 2 0
github.com/nmarsollier/cartgo/tools/db/mongo_collection.go:38.16,40.3 1 0
github.com/nmarsollier/cartgo/tools/db/mongo_collection.go:41.2,41.35 1 0
github.com/nmarsollier/cartgo/tools/db/mongo_collection.go:44.128,46.16 2 0
github.com/nmarsollier/cartgo/tools/db/mongo_collection.go:46.16,48.3 1 0
github.com/nmarsollier/cartgo/tools/db/mongo_collection.go:49.2,49.38 1 0
github.com/nmarsollier/cartgo/tools/db/mongo_collection.go:52.134,54.16 2 0
github.com/nmarsollier/cartgo/tools/db/mongo_collection.go:54.16,56.3 1 0
github.com/nmarsollier/cartgo/tools/db/mongo_collection.go:57.2,57.38 1 0
github.com/nmarsollier/cartgo/tools/db/mongo_collection.go:60.97,62.16 2 0
github.com/nmarsollier/cartgo/tools/db/mongo_collection.go:62.16,64.3 1 0
github.com/nmarsollier/cartgo/tools/db/mongo_collection.go:65.2,65.36 1 0
github.com/nmarsollier/cartgo/tools/db/mongo_collection.go:74.50,78.2 1 0
github.com/nmarsollier/cartgo/tools/db/mongo_collection.go:84.56,86.2 1 0
github.com/nmarsollier/cartgo/tools/db/mongo_collection.go:88.54,90.2 1 0
github.com/nmarsollier/cartgo/tools/db/mongo_collection.go:91.53,93.2 1 0
github.com/nmarsollier/cartgo/tools/db/mongo_collection_mocks.go:26.75,30.2 3 1
github.com/nmarsollier/cartgo/tools/db/mongo_collection_mocks.go:33.73,35.2 1 1
github.com/nmarsollier/cartgo/tools/db/mongo_collection_mocks.go:38.89,43.2 4 1
github.com/nmarsollier/cartgo/tools/db/mongo_collection_mocks.go:46.93,49.2 2 1
github.com/nmarsollier/cartgo/tools/db/mongo_collection_mocks.go:52.105,58.2 5 0
github.com/nmarsollier/cartgo/tools/db/mongo_collection_mocks.go:61.94,64.2 2 0
github.com/nmarsollier/cartgo/tools/db/mongo_collection_mocks.go:67.111,73.2 5 1
github.com/nmarsollier/cartgo/tools/db/mongo_collection_mocks.go:76.106,79.2 2 1
github.com/nmarsollier/cartgo/tools/db/mongo_collection_mocks.go:82.105,88.2 5 0
github.com/nmarsollier/cartgo/tools/db/mongo_collection_mocks.go:91.100,94.2 2 0
github.com/nmarsollier/cartgo/tools/db/mongo_collection_mocks.go:108.57,112.2 3 0
github.com/nmarsollier/cartgo/tools/db/mongo_collection_mocks.go:115.55,117.2 1 0
github.com/nmarsollier/cartgo/tools/db/mongo_collection_mocks.go:120.55,125.2 4 0
github.com/nmarsollier/cartgo/tools/db/mongo_collection_mocks.go:128.71,131.2 2 0
github.com/nmarsollier/cartgo/tools/db/mongo_collection_mocks.go:134.52,139.2 4 0
github.com/nmarsollier/cartgo/tools/db/mongo_collection_mocks.go:142.72,145.2 2 0
github.com/nmarsollier/cartgo/tools/db/mongo_collection_mocks.go:148.53,153.2 4 0
github.com/nmarsollier/cartgo/tools/db/mongo_collection_mocks.go:156.70,159.2 2 0
github.com/nmarsollier/cartgo/tools/env/env.go:19.27,27.2 1 0
github.com/nmarsollier/cartgo/tools/env/env.go:30.27,31.19 1 0
github.com/nmarsollier/cartgo/tools/env/env.go:31.19,33.3 1 0
github.com/nmarsollier/cartgo/tools/env/env.go:35.2,35.15 1 0
github.com/nmarsollier/cartgo/tools/env/env.go:39.28,42.54 2 0
github.com/nmarsollier/cartgo/tools/env/env.go:42.54,44.3 1 0
github.com/nmarsollier/cartgo/tools/env/env.go:46.2,46.53 1 0
github.com/nmarsollier/cartgo/tools/env/env.go:46.53,48.3 1 0
github.com/nmarsollier/cartgo/tools/env/env.go:50.2,50.48 1 0
github.com/nmarsollier/cartgo/tools/env/env.go:50.48,51.53 1 0
github.com/nmarsollier/cartgo/tools/env/env.go:51.53,53.4 1 0
github.com/nmarsollier/cartgo/tools/env/env.go:56.2,56.60 1 0
github.com/nmarsollier/cartgo/tools/env/env.go:56.60,58.3 1 0
github.com/nmarsollier/cartgo/tools/env/env.go:60.2,60.63 1 0
github.com/nmarsollier/cartgo/tools/env/env.go:60.63,62.3 1 0
github.com/nmarsollier/cartgo/tools/env/env.go:64.2,64.15 1 0
github.com/nmarsollier/cartgo/tools/tests/data.go:12.28,34.2 1 1
github.com/nmarsollier/cartgo/tools/tests/data.go:36.32,43.2 1 0
github.com/nmarsollier/cartgo/tools/tests/database.go:18.83,20.72 1 0
github.com/nmarsollier/cartgo/tools/tests/database.go:20.72,22.4 1 0
github.com/nmarsollier/cartgo/tools/tests/database.go:26.86,28.2 1 0
github.com/nmarsollier/cartgo/tools/tests/database.go:30.85,32.2 1 0
github.com/nmarsollier/cartgo/tools/tests/database.go:34.73,36.2 1 0
github.com/nmarsollier/cartgo/tools/tests/rabbit.go:8.86,12.2 3 0
github.com/nmarsollier/cartgo/tools/tests/rest.go:15.97,17.26 2 0
github.com/nmarsollier/cartgo/tools/tests/rest.go:17.26,19.3 1 0
github.com/nmarsollier/cartgo/tools/tests/rest.go:20.2,21.15 2 0
github.com/nmarsollier/cartgo/tools/tests/rest.go:24.100,26.26 2 0
github.com/nmarsollier/cartgo/tools/tests/rest.go:26.26,28.3 1 0
github.com/nmarsollier/cartgo/tools/tests/rest.go:29.2,30.15 2 0
github.com/nmarsollier/cartgo/tools/tests/rest.go:33.116,37.26 3 0
github.com/nmarsollier/cartgo/tools/tests/rest.go:37.26,39.3 1 0
github.com/nmarsollier/cartgo/tools/tests/rest.go:40.2,41.15 2 0
github.com/nmarsollier/cartgo/tools/tests/rest.go:45.69,52.2 4 0
github.com/nmarsollier/cartgo/tools/tests/rest.go:54.73,60.2 4 0
github.com/nmarsollier/cartgo/tools/tests/rest.go:62.76,64.2 1 0
github.com/nmarsollier/cartgo/tools/tests/rest.go:66.72,68.2 1 0
