mode: set
github.com/nmarsollier/cartgo/internal/engine/db/collection.go:28.31,31.32 2 0
github.com/nmarsollier/cartgo/internal/engine/db/collection.go:31.32,39.17 2 0
github.com/nmarsollier/cartgo/internal/engine/db/collection.go:39.17,42.4 2 0
github.com/nmarsollier/cartgo/internal/engine/db/collection.go:44.2,44.16 1 0
github.com/nmarsollier/cartgo/internal/engine/db/collection.go:44.16,47.3 2 0
github.com/nmarsollier/cartgo/internal/engine/db/collection.go:49.2,51.8 1 0
github.com/nmarsollier/cartgo/internal/engine/db/collection.go:58.97,59.85 1 0
github.com/nmarsollier/cartgo/internal/engine/db/collection.go:59.85,61.3 1 0
github.com/nmarsollier/cartgo/internal/engine/db/collection.go:62.2,62.12 1 0
github.com/nmarsollier/cartgo/internal/engine/db/collection.go:65.110,67.16 2 0
github.com/nmarsollier/cartgo/internal/engine/db/collection.go:67.16,69.3 1 0
github.com/nmarsollier/cartgo/internal/engine/db/collection.go:70.2,70.35 1 0
github.com/nmarsollier/cartgo/internal/engine/db/collection.go:73.128,75.16 2 0
github.com/nmarsollier/cartgo/internal/engine/db/collection.go:75.16,77.3 1 0
github.com/nmarsollier/cartgo/internal/engine/db/collection.go:78.2,78.38 1 0
github.com/nmarsollier/cartgo/internal/engine/db/collection.go:81.97,83.16 2 0
github.com/nmarsollier/cartgo/internal/engine/db/collection.go:83.16,85.3 1 0
github.com/nmarsollier/cartgo/internal/engine/db/collection.go:86.2,86.31 1 0
github.com/nmarsollier/cartgo/internal/engine/db/collection.go:89.134,91.16 2 0
github.com/nmarsollier/cartgo/internal/engine/db/collection.go:91.16,93.3 1 0
github.com/nmarsollier/cartgo/internal/engine/db/collection.go:94.2,94.38 1 0
github.com/nmarsollier/cartgo/internal/engine/db/collection.go:103.45,107.2 1 0
github.com/nmarsollier/cartgo/internal/engine/db/collection.go:113.56,115.2 1 0
github.com/nmarsollier/cartgo/internal/engine/db/collection.go:117.54,119.2 1 0
github.com/nmarsollier/cartgo/internal/engine/db/collection.go:120.53,122.2 1 0
github.com/nmarsollier/cartgo/internal/engine/db/database.go:14.28,18.16 3 0
github.com/nmarsollier/cartgo/internal/engine/db/database.go:18.16,20.3 1 0
github.com/nmarsollier/cartgo/internal/engine/db/database.go:22.2,24.22 2 0
github.com/nmarsollier/cartgo/internal/engine/db/errors.go:8.41,9.48 1 0
github.com/nmarsollier/cartgo/internal/engine/db/errors.go:9.48,10.46 1 0
github.com/nmarsollier/cartgo/internal/engine/db/errors.go:10.46,11.41 1 0
github.com/nmarsollier/cartgo/internal/engine/db/errors.go:11.41,13.5 1 0
github.com/nmarsollier/cartgo/internal/engine/db/errors.go:16.2,16.14 1 0
