mode: set
github.com/nmarsollier/cartgo/tools/env/env.go:23.27,35.2 1 1
github.com/nmarsollier/cartgo/tools/env/env.go:38.27,39.19 1 0
github.com/nmarsollier/cartgo/tools/env/env.go:39.19,41.3 1 0
github.com/nmarsollier/cartgo/tools/env/env.go:43.2,43.15 1 0
github.com/nmarsollier/cartgo/tools/env/env.go:47.28,50.54 2 1
github.com/nmarsollier/cartgo/tools/env/env.go:50.54,52.3 1 1
github.com/nmarsollier/cartgo/tools/env/env.go:54.2,54.61 1 1
github.com/nmarsollier/cartgo/tools/env/env.go:54.61,56.3 1 1
github.com/nmarsollier/cartgo/tools/env/env.go:58.2,58.65 1 1
github.com/nmarsollier/cartgo/tools/env/env.go:58.65,60.3 1 1
github.com/nmarsollier/cartgo/tools/env/env.go:62.2,62.54 1 1
github.com/nmarsollier/cartgo/tools/env/env.go:62.54,64.3 1 1
github.com/nmarsollier/cartgo/tools/env/env.go:66.2,66.48 1 1
github.com/nmarsollier/cartgo/tools/env/env.go:66.48,67.53 1 1
github.com/nmarsollier/cartgo/tools/env/env.go:67.53,69.4 1 1
github.com/nmarsollier/cartgo/tools/env/env.go:72.2,72.52 1 1
github.com/nmarsollier/cartgo/tools/env/env.go:72.52,73.53 1 0
github.com/nmarsollier/cartgo/tools/env/env.go:73.53,75.4 1 0
github.com/nmarsollier/cartgo/tools/env/env.go:78.2,78.60 1 1
github.com/nmarsollier/cartgo/tools/env/env.go:78.60,80.3 1 1
github.com/nmarsollier/cartgo/tools/env/env.go:82.2,82.54 1 1
github.com/nmarsollier/cartgo/tools/env/env.go:82.54,84.3 1 1
github.com/nmarsollier/cartgo/tools/env/env.go:86.2,86.63 1 1
github.com/nmarsollier/cartgo/tools/env/env.go:86.63,88.3 1 1
github.com/nmarsollier/cartgo/tools/env/env.go:90.2,90.15 1 1
