mode: set
github.com/nmarsollier/cartgo/internal/graph/resolvers/add_article.go:9.84,11.16 2 0
github.com/nmarsollier/cartgo/internal/graph/resolvers/add_article.go:11.16,13.3 1 0
github.com/nmarsollier/cartgo/internal/graph/resolvers/add_article.go:15.2,18.16 3 0
github.com/nmarsollier/cartgo/internal/graph/resolvers/add_article.go:18.16,20.3 1 0
github.com/nmarsollier/cartgo/internal/graph/resolvers/add_article.go:22.2,22.18 1 0
github.com/nmarsollier/cartgo/internal/graph/resolvers/checkout.go:9.58,11.16 2 0
github.com/nmarsollier/cartgo/internal/graph/resolvers/checkout.go:11.16,13.3 1 0
github.com/nmarsollier/cartgo/internal/graph/resolvers/checkout.go:14.2,19.16 4 0
github.com/nmarsollier/cartgo/internal/graph/resolvers/checkout.go:19.16,21.3 1 0
github.com/nmarsollier/cartgo/internal/graph/resolvers/checkout.go:22.2,22.18 1 0
github.com/nmarsollier/cartgo/internal/graph/resolvers/current_cart.go:10.68,14.16 3 0
github.com/nmarsollier/cartgo/internal/graph/resolvers/current_cart.go:14.16,16.3 1 0
github.com/nmarsollier/cartgo/internal/graph/resolvers/current_cart.go:18.2,19.16 2 0
github.com/nmarsollier/cartgo/internal/graph/resolvers/current_cart.go:19.16,21.3 1 0
github.com/nmarsollier/cartgo/internal/graph/resolvers/current_cart.go:23.2,23.31 1 0
github.com/nmarsollier/cartgo/internal/graph/resolvers/decrement.go:9.84,11.16 2 0
github.com/nmarsollier/cartgo/internal/graph/resolvers/decrement.go:11.16,13.3 1 0
github.com/nmarsollier/cartgo/internal/graph/resolvers/decrement.go:15.2,18.16 3 0
github.com/nmarsollier/cartgo/internal/graph/resolvers/decrement.go:18.16,20.3 1 0
github.com/nmarsollier/cartgo/internal/graph/resolvers/decrement.go:22.2,22.18 1 0
github.com/nmarsollier/cartgo/internal/graph/resolvers/find_cart.go:10.72,14.16 3 0
github.com/nmarsollier/cartgo/internal/graph/resolvers/find_cart.go:14.16,16.3 1 0
github.com/nmarsollier/cartgo/internal/graph/resolvers/find_cart.go:18.2,20.16 2 0
github.com/nmarsollier/cartgo/internal/graph/resolvers/find_cart.go:20.16,22.3 1 0
github.com/nmarsollier/cartgo/internal/graph/resolvers/find_cart.go:24.2,24.31 1 0
github.com/nmarsollier/cartgo/internal/graph/resolvers/increment.go:9.84,11.16 2 0
github.com/nmarsollier/cartgo/internal/graph/resolvers/increment.go:11.16,13.3 1 0
github.com/nmarsollier/cartgo/internal/graph/resolvers/increment.go:15.2,18.16 3 0
github.com/nmarsollier/cartgo/internal/graph/resolvers/increment.go:18.16,20.3 1 0
github.com/nmarsollier/cartgo/internal/graph/resolvers/increment.go:22.2,22.18 1 0
github.com/nmarsollier/cartgo/internal/graph/resolvers/mappers.go:8.47,10.24 2 0
github.com/nmarsollier/cartgo/internal/graph/resolvers/mappers.go:10.24,12.3 1 0
github.com/nmarsollier/cartgo/internal/graph/resolvers/mappers.go:14.2,15.23 2 0
github.com/nmarsollier/cartgo/internal/graph/resolvers/mappers.go:15.23,17.3 1 0
github.com/nmarsollier/cartgo/internal/graph/resolvers/mappers.go:19.2,27.3 1 0
github.com/nmarsollier/cartgo/internal/graph/resolvers/mappers.go:30.69,32.29 2 0
github.com/nmarsollier/cartgo/internal/graph/resolvers/mappers.go:32.29,34.35 2 0
github.com/nmarsollier/cartgo/internal/graph/resolvers/mappers.go:34.35,36.4 1 0
github.com/nmarsollier/cartgo/internal/graph/resolvers/mappers.go:38.3,44.4 1 0
github.com/nmarsollier/cartgo/internal/graph/resolvers/mappers.go:46.2,46.15 1 0
github.com/nmarsollier/cartgo/internal/graph/resolvers/remove.go:9.81,11.16 2 0
github.com/nmarsollier/cartgo/internal/graph/resolvers/remove.go:11.16,13.3 1 0
github.com/nmarsollier/cartgo/internal/graph/resolvers/remove.go:15.2,18.16 3 0
github.com/nmarsollier/cartgo/internal/graph/resolvers/remove.go:18.16,20.3 1 0
github.com/nmarsollier/cartgo/internal/graph/resolvers/remove.go:22.2,22.18 1 0
github.com/nmarsollier/cartgo/internal/graph/resolvers/validate.go:9.62,11.16 2 0
github.com/nmarsollier/cartgo/internal/graph/resolvers/validate.go:11.16,13.3 1 0
github.com/nmarsollier/cartgo/internal/graph/resolvers/validate.go:14.2,19.16 4 0
github.com/nmarsollier/cartgo/internal/graph/resolvers/validate.go:19.16,22.3 1 0
github.com/nmarsollier/cartgo/internal/graph/resolvers/validate.go:24.2,25.16 2 0
github.com/nmarsollier/cartgo/internal/graph/resolvers/validate.go:25.16,28.3 1 0
github.com/nmarsollier/cartgo/internal/graph/resolvers/validate.go:30.2,30.18 1 0
