mode: set
github.com/nmarsollier/cartgo/internal/rabbit/consume/consume_article_exist.go:17.113,29.2 2 0
github.com/nmarsollier/cartgo/internal/rabbit/consume/consume_article_exist.go:46.60,49.16 2 0
github.com/nmarsollier/cartgo/internal/rabbit/consume/consume_article_exist.go:49.16,52.3 2 0
github.com/nmarsollier/cartgo/internal/rabbit/consume/consume_article_exist.go:53.2,56.16 3 0
github.com/nmarsollier/cartgo/internal/rabbit/consume/consume_article_exist.go:56.16,59.3 2 0
github.com/nmarsollier/cartgo/internal/rabbit/consume/consume_article_exist.go:60.2,71.16 3 0
github.com/nmarsollier/cartgo/internal/rabbit/consume/consume_article_exist.go:71.16,74.3 2 0
github.com/nmarsollier/cartgo/internal/rabbit/consume/consume_article_exist.go:76.2,84.16 2 0
github.com/nmarsollier/cartgo/internal/rabbit/consume/consume_article_exist.go:84.16,87.3 2 0
github.com/nmarsollier/cartgo/internal/rabbit/consume/consume_article_exist.go:89.2,95.16 2 0
github.com/nmarsollier/cartgo/internal/rabbit/consume/consume_article_exist.go:95.16,98.3 2 0
github.com/nmarsollier/cartgo/internal/rabbit/consume/consume_article_exist.go:100.2,109.16 2 0
github.com/nmarsollier/cartgo/internal/rabbit/consume/consume_article_exist.go:109.16,112.3 2 0
github.com/nmarsollier/cartgo/internal/rabbit/consume/consume_article_exist.go:114.2,114.12 1 0
github.com/nmarsollier/cartgo/internal/rabbit/consume/consume_article_exist.go:114.12,115.22 1 0
github.com/nmarsollier/cartgo/internal/rabbit/consume/consume_article_exist.go:115.22,120.18 4 0
github.com/nmarsollier/cartgo/internal/rabbit/consume/consume_article_exist.go:120.18,126.40 4 0
github.com/nmarsollier/cartgo/internal/rabbit/consume/consume_article_exist.go:126.40,128.6 1 0
github.com/nmarsollier/cartgo/internal/rabbit/consume/consume_article_exist.go:128.11,130.6 1 0
github.com/nmarsollier/cartgo/internal/rabbit/consume/consume_article_exist.go:131.10,133.5 1 0
github.com/nmarsollier/cartgo/internal/rabbit/consume/consume_article_exist.go:137.2,139.12 2 0
github.com/nmarsollier/cartgo/internal/rabbit/consume/consume_article_exist.go:142.92,146.16 3 0
github.com/nmarsollier/cartgo/internal/rabbit/consume/consume_article_exist.go:146.16,149.3 2 0
github.com/nmarsollier/cartgo/internal/rabbit/consume/consume_article_exist.go:157.73,160.21 2 0
github.com/nmarsollier/cartgo/internal/rabbit/consume/consume_article_exist.go:160.21,162.3 1 0
github.com/nmarsollier/cartgo/internal/rabbit/consume/consume_article_exist.go:164.2,164.14 1 0
github.com/nmarsollier/cartgo/internal/rabbit/consume/consume_logout.go:17.112,29.2 2 0
github.com/nmarsollier/cartgo/internal/rabbit/consume/consume_logout.go:46.48,48.16 2 0
github.com/nmarsollier/cartgo/internal/rabbit/consume/consume_logout.go:48.16,51.3 2 0
github.com/nmarsollier/cartgo/internal/rabbit/consume/consume_logout.go:52.2,55.16 3 0
github.com/nmarsollier/cartgo/internal/rabbit/consume/consume_logout.go:55.16,58.3 2 0
github.com/nmarsollier/cartgo/internal/rabbit/consume/consume_logout.go:59.2,70.16 3 0
github.com/nmarsollier/cartgo/internal/rabbit/consume/consume_logout.go:70.16,73.3 2 0
github.com/nmarsollier/cartgo/internal/rabbit/consume/consume_logout.go:75.2,83.16 2 0
github.com/nmarsollier/cartgo/internal/rabbit/consume/consume_logout.go:83.16,86.3 2 0
github.com/nmarsollier/cartgo/internal/rabbit/consume/consume_logout.go:88.2,94.16 2 0
github.com/nmarsollier/cartgo/internal/rabbit/consume/consume_logout.go:94.16,97.3 2 0
github.com/nmarsollier/cartgo/internal/rabbit/consume/consume_logout.go:99.2,108.16 2 0
github.com/nmarsollier/cartgo/internal/rabbit/consume/consume_logout.go:108.16,111.3 2 0
github.com/nmarsollier/cartgo/internal/rabbit/consume/consume_logout.go:113.2,113.12 1 0
github.com/nmarsollier/cartgo/internal/rabbit/consume/consume_logout.go:113.12,114.22 1 0
github.com/nmarsollier/cartgo/internal/rabbit/consume/consume_logout.go:114.22,119.18 4 0
github.com/nmarsollier/cartgo/internal/rabbit/consume/consume_logout.go:119.18,126.5 4 0
github.com/nmarsollier/cartgo/internal/rabbit/consume/consume_logout.go:126.10,128.5 1 0
github.com/nmarsollier/cartgo/internal/rabbit/consume/consume_logout.go:132.2,134.12 2 0
github.com/nmarsollier/cartgo/internal/rabbit/consume/consume_logout.go:142.54,145.21 2 0
github.com/nmarsollier/cartgo/internal/rabbit/consume/consume_logout.go:145.21,147.3 1 0
github.com/nmarsollier/cartgo/internal/rabbit/consume/consume_logout.go:149.2,149.14 1 0
github.com/nmarsollier/cartgo/internal/rabbit/consume/consume_order_placed.go:17.108,29.2 2 0
github.com/nmarsollier/cartgo/internal/rabbit/consume/consume_order_placed.go:46.58,48.16 2 0
github.com/nmarsollier/cartgo/internal/rabbit/consume/consume_order_placed.go:48.16,51.3 2 0
github.com/nmarsollier/cartgo/internal/rabbit/consume/consume_order_placed.go:52.2,55.16 3 0
github.com/nmarsollier/cartgo/internal/rabbit/consume/consume_order_placed.go:55.16,58.3 2 0
github.com/nmarsollier/cartgo/internal/rabbit/consume/consume_order_placed.go:59.2,70.16 3 0
github.com/nmarsollier/cartgo/internal/rabbit/consume/consume_order_placed.go:70.16,73.3 2 0
github.com/nmarsollier/cartgo/internal/rabbit/consume/consume_order_placed.go:75.2,83.16 2 0
github.com/nmarsollier/cartgo/internal/rabbit/consume/consume_order_placed.go:83.16,86.3 2 0
github.com/nmarsollier/cartgo/internal/rabbit/consume/consume_order_placed.go:88.2,94.16 2 0
github.com/nmarsollier/cartgo/internal/rabbit/consume/consume_order_placed.go:94.16,97.3 2 0
github.com/nmarsollier/cartgo/internal/rabbit/consume/consume_order_placed.go:99.2,108.16 2 0
github.com/nmarsollier/cartgo/internal/rabbit/consume/consume_order_placed.go:108.16,111.3 2 0
github.com/nmarsollier/cartgo/internal/rabbit/consume/consume_order_placed.go:113.2,113.12 1 0
github.com/nmarsollier/cartgo/internal/rabbit/consume/consume_order_placed.go:113.12,114.22 1 0
github.com/nmarsollier/cartgo/internal/rabbit/consume/consume_order_placed.go:114.22,119.18 4 0
github.com/nmarsollier/cartgo/internal/rabbit/consume/consume_order_placed.go:119.18,125.40 4 0
github.com/nmarsollier/cartgo/internal/rabbit/consume/consume_order_placed.go:125.40,127.6 1 0
github.com/nmarsollier/cartgo/internal/rabbit/consume/consume_order_placed.go:127.11,129.6 1 0
github.com/nmarsollier/cartgo/internal/rabbit/consume/consume_order_placed.go:130.10,132.5 1 0
github.com/nmarsollier/cartgo/internal/rabbit/consume/consume_order_placed.go:136.2,138.12 2 0
github.com/nmarsollier/cartgo/internal/rabbit/consume/consume_order_placed.go:141.89,145.16 3 0
github.com/nmarsollier/cartgo/internal/rabbit/consume/consume_order_placed.go:145.16,148.3 2 0
github.com/nmarsollier/cartgo/internal/rabbit/consume/consume_order_placed.go:156.71,159.21 2 0
github.com/nmarsollier/cartgo/internal/rabbit/consume/consume_order_placed.go:159.21,161.3 1 0
github.com/nmarsollier/cartgo/internal/rabbit/consume/consume_order_placed.go:163.2,163.14 1 0
